2017-08-06 15:28:33 [WARN] package > get list > select * from  room_packages
2017-08-06 15:28:33 [WARN] package > get list > select * from  room_packages
2017-08-06 15:28:49 [WARN] package > get list > select * from  room_packages
2017-08-06 15:28:53 [WARN] package > get list > select * from  room_packages
2017-08-06 15:32:11 [WARN] package > get list > select * from  packages
2017-08-06 15:36:31 [WARN] package > get list > select * from  packages
2017-08-06 15:37:16 [WARN] package > get list > select * from  packages
2017-08-06 15:37:45 [WARN] package > get list > select p.*,r.title_en as room_name from  packages p  inner join room_type r on p.room_type = r.id
2017-08-06 15:38:09 [WARN] package > get list > select p.*,r.title_en as room_name from  packages p  inner join room_type r on p.room_type = r.id
2017-08-06 15:38:18 [WARN] package > get list > select p.*,r.title_en as room_name from  packages p  inner join room_type r on p.room_type = r.id
2017-08-06 15:38:41 [WARN] package > get list > select p.*,r.title_en as room_name from  packages p  inner join room_types r on p.room_type = r.id
2017-08-06 15:56:12 [WARN] package > get item > select * from  packages where id='11' 
2017-08-06 15:56:12 [WARN] list_room_type > select * from  room_types
2017-08-06 15:56:15 [WARN] list_room_type > select * from  room_types
2017-08-06 15:56:15 [WARN] package > get item > select * from  packages where id='12' 
2017-08-06 15:56:20 [WARN] list_room_type > select * from  room_types
2017-08-06 15:56:20 [WARN] package > get item > select * from  packages where id='16' 
2017-08-06 15:56:26 [WARN] list_room_type > select * from  room_types
2017-08-06 15:56:26 [WARN] package > get item > select * from  packages where id='23' 
2017-08-06 15:56:28 [WARN] list_room_type > select * from  room_types
2017-08-06 15:56:28 [WARN] package > get item > select * from  packages where id='27' 
2017-08-06 15:56:31 [WARN] list_room_type > select * from  room_types
2017-08-06 15:56:31 [WARN] package > get item > select * from  packages where id='26' 
2017-08-06 15:56:34 [WARN] list_room_type > select * from  room_types
2017-08-06 15:56:34 [WARN] package > get item > select * from  packages where id='22' 
