2017-09-10 20:47:24 [WARN] get_list_top_product > select * from product_types  order by views desc limit 3 
2017-09-10 20:47:50 [WARN] get_list_top_product > select * from product_types  order by views desc limit 3 
2017-09-10 20:48:26 [WARN] get_list_top_product > select * from product_types  order by views desc limit 3 
2017-09-10 20:50:06 [WARN] get_list_top_product > select * from product_types  order by views desc limit 3 
2017-09-10 20:51:11 [WARN] get_list_top_product > select * from product_types  order by views desc limit 3 
2017-09-10 20:53:00 [WARN] get_list_top_product > select * from product_types  order by views desc limit 3 
2017-09-10 20:53:00 [WARN] get_list_top_product > select * from product_types  order by views desc limit 3 
2017-09-10 20:53:34 [WARN] get_list_top_product > select * from product_types  order by views desc limit 3 
2017-09-10 20:54:03 [WARN] get_list_top_product > select * from product_types  order by views desc limit 3 
2017-09-10 20:54:04 [WARN] get_list_product_type > select * type_product where active=1;
2017-09-10 20:55:05 [WARN] get_list_top_product > select * from product_types  order by views desc limit 3 
2017-09-10 20:55:05 [WARN] get_list_product_type > select * from type_product where active=1;
2017-09-10 20:57:51 [WARN] get_list_top_product > select * from product_types  order by views desc limit 3 
2017-09-10 20:57:51 [WARN] get_list_brand > select * product_brand where active=1;
2017-09-10 20:57:51 [WARN] get_list_product_type > select * from type_product where active=1;
2017-09-10 20:58:16 [WARN] get_list_top_product > select * from product_types  order by views desc limit 3 
2017-09-10 20:58:17 [WARN] get_list_brand > select * from product_brand where active=1;
2017-09-10 20:58:17 [WARN] get_list_product_type > select * from type_product where active=1;
2017-09-10 20:58:36 [WARN] get_list_top_product > select * from product_types  order by views desc limit 3 
2017-09-10 20:58:36 [WARN] get_list_brand > select * from product_brands where active=1;
2017-09-10 20:58:36 [WARN] get_list_product_type > select * from type_product where active=1;
