2017-09-24 11:27:48 [WARN] get_list_top_product > select * from product_types  order by views desc limit 3 
2017-09-24 11:27:48 [WARN] get_list_brand > select * from product_brands where active=1;
2017-09-24 11:27:48 [WARN] get_list_product_type > select * from type_product where active=1;
2017-09-24 11:33:13 [WARN] get_list_top_product > select * from product_types  order by views desc limit 3 
2017-09-24 11:33:13 [WARN] get_list_brand > select * from product_brands where active=1;
2017-09-24 11:33:13 [WARN] get_list_product_type > select * from type_product where active=1;
2017-09-24 11:33:51 [WARN] get_list_top_product > select * from product_types  order by views desc limit 3 
2017-09-24 11:33:51 [WARN] get_list_brand > select * from product_brands where active=1;
2017-09-24 11:33:51 [WARN] get_list_product_type > select * from type_product where active=1;
2017-09-24 11:34:26 [WARN] get_list_top_product > select * from product_types  order by views desc limit 3 
2017-09-24 11:34:26 [WARN] get_list_brand > select * from product_brands where active=1;
2017-09-24 11:34:26 [WARN] get_list_product_type > select * from type_product where active=1;
2017-09-24 11:40:18 [WARN] get_list_top_product > select * from product_types  order by views desc limit 3 
2017-09-24 11:40:18 [WARN] get_list_product_type > select * from type_product where active=1;
2017-09-24 11:40:18 [WARN] get_list_brand > select * from product_brands where active=1;
2017-09-24 11:43:23 [WARN] get_list_top_product > select * from product_types  order by views desc limit 3 
2017-09-24 11:43:23 [WARN] get_list_brand > select * from product_brands where active=1;
2017-09-24 11:43:23 [WARN] get_list_product_type > select * from type_product where active=1;
2017-09-24 11:43:31 [WARN] get_list_top_product > select * from product_types  order by views desc limit 3 
2017-09-24 11:43:31 [WARN] get_list_brand > select * from product_brands where active=1;
2017-09-24 11:43:31 [WARN] get_list_product_type > select * from type_product where active=1;
2017-09-24 11:45:00 [WARN] get_list_product_type > select * from type_product where active=1;
2017-09-24 11:45:00 [WARN] get_list_top_product > select * from product_types  order by views desc limit 3 
2017-09-24 11:45:00 [WARN] get_list_brand > select * from product_brands where active=1;
2017-09-24 13:05:20 [WARN] get_order_running > update orders_running set order_no=order_no+1 ;select order_no from orders_running ; 
2017-09-24 13:05:38 [WARN] get_order_running > update orders_running set order_no=order_no+1; select order_no from orders_running ; 
2017-09-24 13:05:42 [WARN] get_order_running > update orders_running set order_no=order_no+1; select order_no from orders_running ; 
2017-09-24 13:06:10 [WARN] get_order_running > select order_no from orders_running ; 
2017-09-24 13:06:13 [WARN] get_order_running > select order_no from orders_running ; 
2017-09-24 13:27:12 [WARN] get_list_top_product > select * from product_types  order by views desc limit 3 
2017-09-24 13:27:12 [WARN] get_list_brand > select * from product_brands where active=1;
2017-09-24 13:27:12 [WARN] get_list_product_type > select * from type_product where active=1;
2017-09-24 13:28:09 [WARN] get_list_top_product > select * from product_types  order by views desc limit 3 
2017-09-24 13:28:09 [WARN] get_list_brand > select * from product_brands where active=1;
2017-09-24 13:28:09 [WARN] get_list_product_type > select * from type_product where active=1;
2017-09-24 13:28:14 [WARN] get_list_brand > select * from product_brands where active=1;
2017-09-24 13:28:14 [WARN] get_list_top_product > select * from product_types  order by views desc limit 3 
2017-09-24 13:28:14 [WARN] get_list_product_type > select * from type_product where active=1;
2017-09-24 13:30:07 [WARN] get_list_top_product > select * from product_types  order by views desc limit 3 
2017-09-24 13:30:07 [WARN] get_list_brand > select * from product_brands where active=1;
2017-09-24 13:30:07 [WARN] get_list_product_type > select * from type_product where active=1;
2017-09-24 13:31:59 [WARN] get_list_brand > select * from product_brands where active=1;
2017-09-24 13:31:59 [WARN] get_list_product_type > select * from type_product where active=1;
2017-09-24 13:31:59 [WARN] get_list_top_product > select * from product_types  order by views desc limit 3 
2017-09-24 13:34:19 [WARN] get_list_top_product > select * from product_types  order by views desc limit 3 
2017-09-24 13:34:19 [WARN] get_list_brand > select * from product_brands where active=1;
2017-09-24 13:34:19 [WARN] get_list_product_type > select * from type_product where active=1;
2017-09-24 13:34:26 [WARN] get_list_top_product > select * from product_types  order by views desc limit 3 
2017-09-24 13:34:26 [WARN] get_list_brand > select * from product_brands where active=1;
2017-09-24 13:34:26 [WARN] get_list_product_type > select * from type_product where active=1;
2017-09-24 13:35:29 [WARN] get_list_top_product > select * from product_types  order by views desc limit 3 
2017-09-24 13:35:29 [WARN] get_list_brand > select * from product_brands where active=1;
2017-09-24 13:35:29 [WARN] get_list_product_type > select * from type_product where active=1;
2017-09-24 13:35:36 [WARN] get_list_top_product > select * from product_types  order by views desc limit 3 
2017-09-24 13:35:36 [WARN] get_list_product_type > select * from type_product where active=1;
2017-09-24 13:35:36 [WARN] get_list_brand > select * from product_brands where active=1;
2017-09-24 13:35:39 [WARN] get_item > select * from product_types where  id='1' 
2017-09-24 13:35:39 [WARN] get_product_gallery > select * from product_images where pro_type_id=1; 
2017-09-24 13:35:39 [WARN] get_list_top_product > select * from product_types  order by views desc limit 3 
2017-09-24 13:35:39 [WARN] get_list_brand > select * from product_brands where active=1;
2017-09-24 13:35:39 [WARN] get_list_product_type > select * from type_product where active=1;
2017-09-24 13:35:45 [WARN] get_list_top_product > select * from product_types  order by views desc limit 3 
2017-09-24 13:35:45 [WARN] get_list_product_type > select * from type_product where active=1;
2017-09-24 13:35:45 [WARN] get_list_brand > select * from product_brands where active=1;
2017-09-24 13:38:34 [WARN] get_list_top_product > select * from product_types  order by views desc limit 3 
2017-09-24 13:38:34 [WARN] get_list_product_type > select * from type_product where active=1;
2017-09-24 13:38:34 [WARN] get_list_brand > select * from product_brands where active=1;
2017-09-24 13:38:38 [WARN] get_list_top_product > select * from product_types  order by views desc limit 3 
2017-09-24 13:38:38 [WARN] get_list_brand > select * from product_brands where active=1;
2017-09-24 13:38:38 [WARN] get_list_product_type > select * from type_product where active=1;
2017-09-24 13:38:47 [WARN] get_item > select * from product_types where  id='1' 
2017-09-24 13:38:47 [WARN] get_product_gallery > select * from product_images where pro_type_id=1; 
2017-09-24 13:38:47 [WARN] get_list_brand > select * from product_brands where active=1;
2017-09-24 13:38:47 [WARN] get_list_top_product > select * from product_types  order by views desc limit 3 
2017-09-24 13:38:47 [WARN] get_list_product_type > select * from type_product where active=1;
2017-09-24 13:38:57 [WARN] get_list_top_product > select * from product_types  order by views desc limit 3 
2017-09-24 13:38:57 [WARN] get_list_product_type > select * from type_product where active=1;
2017-09-24 13:38:57 [WARN] get_list_brand > select * from product_brands where active=1;
2017-09-24 13:39:17 [WARN] get_list_top_product > select * from product_types  order by views desc limit 3 
2017-09-24 13:39:17 [WARN] get_list_product_type > select * from type_product where active=1;
2017-09-24 13:39:17 [WARN] get_list_brand > select * from product_brands where active=1;
2017-09-24 13:42:15 [WARN] get_list_top_product > select * from product_types  order by views desc limit 3 
2017-09-24 13:42:15 [WARN] get_list_brand > select * from product_brands where active=1;
2017-09-24 13:42:15 [WARN] get_list_product_type > select * from type_product where active=1;
2017-09-24 13:44:55 [WARN] get_order_running > select order_no from orders_running ; 
2017-09-24 13:44:55 [WARN] new_order > insert into orders (id,customer_mobile,type_deliver,status,total_price,total_unit,total_deliver,total_net,create_date)values('6000006','0898879463','','','','','',now()); 
2017-09-24 13:45:11 [WARN] get_order_running > select order_no from orders_running ; 
2017-09-24 13:56:38 [WARN] get_order_running > select order_no from orders_running ; 
2017-09-24 13:57:12 [WARN] get_order_running > select order_no from orders_running ; 
2017-09-24 13:58:04 [WARN] get_order_running > select order_no from orders_running ; 
2017-09-24 14:24:52 [WARN] get_order_running > select order_no from orders_running ; 
2017-09-24 14:24:52 [WARN] new_order > insert into orders (id,customer_mobile,type_deliver,status,total_price,total_unit,total_deliver,total_net,create_date)values('6000011','0898879463','2','2','450','400','',now()); 
2017-09-24 14:26:09 [WARN] get_order_running > select order_no from orders_running ; 
2017-09-24 14:26:09 [WARN] new_order > insert into orders (id,customer_mobile,type_deliver,status,total_price,total_unit,total_deliver,total_net,create_date)values('6000012','0898879463','2','400','2','50','450',now()); 
2017-09-24 14:27:17 [WARN] get_order_running > select order_no from orders_running ; 
2017-09-24 14:27:17 [WARN] new_order > insert into orders (id,customer_mobile,type_deliver,status,total_price,total_unit,total_deliver,total_net,create_date)values('6000013','0898879463','2',0,'400','2','50','450',now()); 
2017-09-24 14:30:01 [WARN] get_order_running > select order_no from orders_running ; 
2017-09-24 14:30:01 [WARN] new_order > insert into orders (id,customer_mobile,type_deliver,status,total_price,total_unit,total_deliver,total_net,create_date)values('6000014','0898879463','2',0,'400','2','50','450',now()); 
2017-09-24 14:30:01 [WARN] new_order_detail > insert into orders_detail (order_id,prod_type,prod_price,prod_unit,prod_net,create_date)values('6000014','1','200.00','200.00','2','400',now()); 
2017-09-24 14:30:01 [WARN] confirm_order > insert into orders_customer (order_id,firstname,lastname,email,address,soi,road,district,subdistrict,postcode,province)values('6000014','ทดสอบ','สมมุติ','test@mail.com','67/231 ม.พฤษา','พฤษา 18','กาญจณาภิเษก','บางใหญ่','บางใหญ่','11140','สมุทรปราการ'); 
2017-09-24 14:30:43 [WARN] get_order_running > select order_no from orders_running ; 
2017-09-24 14:30:43 [WARN] new_order > insert into orders (id,customer_mobile,type_deliver,status,total_price,total_unit,total_deliver,total_net,create_date)values('6000015','0898879463','2',0,'400','2','50','450',now()); 
2017-09-24 14:30:43 [WARN] new_order_detail > insert into orders_detail (order_id,prod_type,prod_price,prod_unit,prod_net,create_date)values('6000015','1','200.00','200.00','2','400',now()); 
2017-09-24 14:30:43 [WARN] confirm_order > insert into orders_customer (order_id,firstname,lastname,email,address,soi,road,district,subdistrict,postcode,province)values('6000015','ทดสอบ','สมมุติ','test@mail.com','67/231 ม.พฤษา','พฤษา 18','กาญจณาภิเษก','บางใหญ่','บางใหญ่','11140','สมุทรปราการ'); 
2017-09-24 14:32:04 [WARN] get_order_running > select order_no from orders_running ; 
2017-09-24 14:32:04 [WARN] new_order > insert into orders (id,customer_mobile,type_deliver,status,total_price,total_unit,total_deliver,total_net,create_date)values('6000016','0898879463','2',0,'400','2','50','450',now()); 
2017-09-24 14:32:04 [WARN] new_order_detail > insert into orders_detail (order_id,prod_type,prod_price,prod_unit,prod_net,create_date)values('6000016','1','200.00','2','400',now()); 
2017-09-24 14:32:04 [WARN] confirm_order > insert into orders_customer (order_id,firstname,lastname,email,address,soi,road,district,subdistrict,postcode,province)values('6000016','ทดสอบ','สมมุติ','test@mail.com','67/231 ม.พฤษา','พฤษา 18','กาญจณาภิเษก','บางใหญ่','บางใหญ่','11140','สมุทรปราการ'); 
2017-09-24 18:11:48 [WARN] get_list_product_type > select * from type_product where active=1;
2017-09-24 18:11:48 [WARN] get_list_brand > select * from product_brands where active=1;
2017-09-24 18:11:48 [WARN] get_list_top_product > select * from product_types  order by views desc limit 3 
2017-09-24 18:19:12 [WARN] get_order_running > select order_no from orders_running ; 
2017-09-24 18:19:12 [WARN] new_order > insert into orders (id,customer_mobile,type_deliver,status,total_price,total_unit,total_deliver,total_net,create_date)values('6000017','0898879463','2',0,'400','2','50','450',now()); 
2017-09-24 18:19:12 [WARN] new_order_detail > insert into orders_detail (order_id,prod_type,prod_price,prod_unit,prod_net,create_date)values('6000017','1','200.00','2','400',now()); 
2017-09-24 18:19:12 [WARN] confirm_order > insert into orders_customer (order_id,firstname,lastname,email,address,soi,road,district,subdistrict,postcode,province)values('6000017','ทดสอบ','สมมุติ','test@mail.com','67/231 ม.พฤษา','พฤษา 18','กาญจณาภิเษก','บางใหญ่','บางใหญ่','11140','สมุทรปราการ'); 
2017-09-24 18:19:14 [WARN] get_list_top_product > select * from product_types  order by views desc limit 3 
2017-09-24 18:19:14 [WARN] get_list_brand > select * from product_brands where active=1;
2017-09-24 18:19:14 [WARN] get_list_product_type > select * from type_product where active=1;
2017-09-24 18:20:03 [WARN] get_list_top_product > select * from product_types  order by views desc limit 3 
2017-09-24 18:20:03 [WARN] get_list_brand > select * from product_brands where active=1;
2017-09-24 18:20:03 [WARN] get_list_product_type > select * from type_product where active=1;
2017-09-24 18:20:50 [WARN] get_list_top_product > select * from product_types  order by views desc limit 3 
2017-09-24 18:20:50 [WARN] get_list_brand > select * from product_brands where active=1;
2017-09-24 18:20:50 [WARN] get_list_product_type > select * from type_product where active=1;
2017-09-24 18:20:59 [WARN] get_list_top_product > select * from product_types  order by views desc limit 3 
2017-09-24 18:20:59 [WARN] get_list_brand > select * from product_brands where active=1;
2017-09-24 18:20:59 [WARN] get_list_product_type > select * from type_product where active=1;
2017-09-24 18:22:05 [WARN] get_list_top_product > select * from product_types  order by views desc limit 3 
2017-09-24 18:22:05 [WARN] get_list_brand > select * from product_brands where active=1;
2017-09-24 18:22:05 [WARN] get_list_product_type > select * from type_product where active=1;
2017-09-24 18:23:12 [WARN] get_list_top_product > select * from product_types  order by views desc limit 3 
2017-09-24 18:23:12 [WARN] get_list_brand > select * from product_brands where active=1;
2017-09-24 18:23:12 [WARN] get_list_product_type > select * from type_product where active=1;
2017-09-24 18:23:26 [WARN] get_list_top_product > select * from product_types  order by views desc limit 3 
2017-09-24 18:23:26 [WARN] get_list_brand > select * from product_brands where active=1;
2017-09-24 18:23:26 [WARN] get_list_product_type > select * from type_product where active=1;
2017-09-24 18:24:26 [WARN] get_list_top_product > select * from product_types  order by views desc limit 3 
2017-09-24 18:24:26 [WARN] get_list_brand > select * from product_brands where active=1;
2017-09-24 18:24:26 [WARN] get_list_product_type > select * from type_product where active=1;
2017-09-24 18:25:17 [WARN] get_list_top_product > select * from product_types  order by views desc limit 3 
2017-09-24 18:25:17 [WARN] get_list_brand > select * from product_brands where active=1;
2017-09-24 18:25:17 [WARN] get_list_product_type > select * from type_product where active=1;
2017-09-24 18:25:38 [WARN] get_list_top_product > select * from product_types  order by views desc limit 3 
2017-09-24 18:25:38 [WARN] get_list_brand > select * from product_brands where active=1;
2017-09-24 18:25:38 [WARN] get_list_product_type > select * from type_product where active=1;
2017-09-24 18:27:34 [WARN] get_list_top_product > select * from product_types  order by views desc limit 3 
2017-09-24 18:27:34 [WARN] get_list_brand > select * from product_brands where active=1;
2017-09-24 18:27:34 [WARN] get_list_product_type > select * from type_product where active=1;
2017-09-24 18:28:50 [WARN] get_list_top_product > select * from product_types  order by views desc limit 3 
2017-09-24 18:28:50 [WARN] get_list_brand > select * from product_brands where active=1;
2017-09-24 18:28:50 [WARN] get_list_product_type > select * from type_product where active=1;
2017-09-24 18:28:56 [WARN] get_list_top_product > select * from product_types  order by views desc limit 3 
2017-09-24 18:28:56 [WARN] get_list_brand > select * from product_brands where active=1;
2017-09-24 18:28:56 [WARN] get_list_product_type > select * from type_product where active=1;
