2017-10-09 21:49:01 [WARN] get_list_pro_brand > select * from product_brand where status=1; 
2017-10-09 21:49:01 [WARN] get_list_top_product > select pro.id as id ,model.name from category_product pro inner join category_model model on model.id = pro.cate_model_id group by cate_model_id order by views desc limit 3 
2017-10-09 21:49:01 [WARN] get_list_cate > select * from category where status=1 order by name;
2017-10-09 21:49:01 [WARN] get_list_product_brand > select pro.id ,CONCAT(cate_model.name,' ',model.name) as name,brand.name as brand_name ,pro.thumbnail,pro.price,pro.update_date,pro.cate_model_id,pro.code,pro.unit,pro.status from category_product pro inner join category_model cate_model on cate_model.id = pro.cate_model_id inner join product_model model on model.id = pro.pro_model_id inner join product_brand brand on brand.id = model.pro_brand_id  where brand.id=6; 
2017-10-09 21:49:07 [WARN] get_list_product_brand > select pro.id ,CONCAT(cate_model.name,' ',model.name) as name,brand.name as brand_name ,pro.thumbnail,pro.price,pro.update_date,pro.cate_model_id,pro.code,pro.unit,pro.status from category_product pro inner join category_model cate_model on cate_model.id = pro.cate_model_id inner join product_model model on model.id = pro.pro_model_id inner join product_brand brand on brand.id = model.pro_brand_id  where brand.id=6; 
2017-10-09 21:49:07 [WARN] get_list_cate > select * from category where status=1 order by name;
2017-10-09 21:49:07 [WARN] get_list_top_product > select pro.id as id ,model.name from category_product pro inner join category_model model on model.id = pro.cate_model_id group by cate_model_id order by views desc limit 3 
2017-10-09 21:49:07 [WARN] get_list_pro_brand > select * from product_brand where status=1; 
2017-10-09 21:49:33 [WARN] get_list_top_product > select pro.id as id ,model.name from category_product pro inner join category_model model on model.id = pro.cate_model_id group by cate_model_id order by views desc limit 3 
2017-10-09 21:49:33 [WARN] get_list_product_brand > select pro.id ,CONCAT(cate_model.name,' ',model.name) as name,brand.name as brand_name ,pro.thumbnail,pro.price,pro.update_date,pro.cate_model_id,pro.code,pro.unit,pro.status from category_product pro inner join category_model cate_model on cate_model.id = pro.cate_model_id inner join product_model model on model.id = pro.pro_model_id inner join product_brand brand on brand.id = model.pro_brand_id  where brand.id=6; 
2017-10-09 21:49:33 [WARN] get_list_pro_brand > select * from product_brand where status=1; 
2017-10-09 21:49:33 [WARN] get_list_cate > select * from category where status=1 order by name;
2017-10-09 21:55:50 [WARN] get_list_top_product > select pro.id as id ,model.name from category_product pro inner join category_model model on model.id = pro.cate_model_id group by cate_model_id order by views desc limit 3 
2017-10-09 21:55:50 [WARN] get_list_pro_brand > select * from product_brand where status=1; 
2017-10-09 21:55:50 [WARN] get_list_cate > select * from category where status=1 order by name;
2017-10-09 21:55:50 [WARN] get_product_brand > select id,name from product_brand where id=6 
2017-10-09 21:55:50 [WARN] get_list_product_brand > select pro.id ,CONCAT(cate_model.name,' ',model.name) as name,brand.name as brand_name ,pro.thumbnail,pro.price,pro.update_date,pro.cate_model_id,pro.code,pro.unit,pro.status from category_product pro inner join category_model cate_model on cate_model.id = pro.cate_model_id inner join product_model model on model.id = pro.pro_model_id inner join product_brand brand on brand.id = model.pro_brand_id  where brand.id=6; 
2017-10-09 21:56:30 [WARN] get_list_top_product > select pro.id as id ,model.name from category_product pro inner join category_model model on model.id = pro.cate_model_id group by cate_model_id order by views desc limit 3 
2017-10-09 21:56:30 [WARN] get_list_pro_brand > select * from product_brand where status=1; 
2017-10-09 21:56:30 [WARN] get_list_cate > select * from category where status=1 order by name;
2017-10-09 21:56:30 [WARN] get_product_brand > select id,name from product_brand where id=6 
2017-10-09 21:56:30 [WARN] get_list_product_brand > select pro.id ,CONCAT(cate_model.name,' ',model.name) as name,brand.name as brand_name ,pro.thumbnail,pro.price,pro.update_date,pro.cate_model_id,pro.code,pro.unit,pro.status from category_product pro inner join category_model cate_model on cate_model.id = pro.cate_model_id inner join product_model model on model.id = pro.pro_model_id inner join product_brand brand on brand.id = model.pro_brand_id  where brand.id=6; 
2017-10-09 21:56:56 [WARN] get_list_top_product > select pro.id as id ,model.name from category_product pro inner join category_model model on model.id = pro.cate_model_id group by cate_model_id order by views desc limit 3 
2017-10-09 21:56:56 [WARN] get_list_pro_brand > select * from product_brand where status=1; 
2017-10-09 21:56:56 [WARN] get_product_brand > select id,name from product_brand where id=6 
2017-10-09 21:56:56 [WARN] get_list_product_brand > select pro.id ,CONCAT(cate_model.name,' ',model.name) as name,brand.name as brand_name ,pro.thumbnail,pro.price,pro.update_date,pro.cate_model_id,pro.code,pro.unit,pro.status from category_product pro inner join category_model cate_model on cate_model.id = pro.cate_model_id inner join product_model model on model.id = pro.pro_model_id inner join product_brand brand on brand.id = model.pro_brand_id  where brand.id=6; 
2017-10-09 21:56:56 [WARN] get_list_cate > select * from category where status=1 order by name;
2017-10-09 21:57:04 [WARN] get_list_top_product > select pro.id as id ,model.name from category_product pro inner join category_model model on model.id = pro.cate_model_id group by cate_model_id order by views desc limit 3 
2017-10-09 21:57:04 [WARN] get_product_brand > select id,name from product_brand where id=6 
2017-10-09 21:57:04 [WARN] get_list_product_brand > select pro.id ,CONCAT(cate_model.name,' ',model.name) as name,brand.name as brand_name ,pro.thumbnail,pro.price,pro.update_date,pro.cate_model_id,pro.code,pro.unit,pro.status from category_product pro inner join category_model cate_model on cate_model.id = pro.cate_model_id inner join product_model model on model.id = pro.pro_model_id inner join product_brand brand on brand.id = model.pro_brand_id  where brand.id=6; 
2017-10-09 21:57:04 [WARN] get_list_pro_brand > select * from product_brand where status=1; 
2017-10-09 21:57:04 [WARN] get_list_cate > select * from category where status=1 order by name;
2017-10-09 21:57:38 [WARN] get_list_top_product > select pro.id as id ,model.name from category_product pro inner join category_model model on model.id = pro.cate_model_id group by cate_model_id order by views desc limit 3 
2017-10-09 21:57:38 [WARN] get_list_pro_brand > select * from product_brand where status=1; 
2017-10-09 21:57:38 [WARN] get_list_cate > select * from category where status=1 order by name;
2017-10-09 21:57:38 [WARN] get_product_brand > select id,name from product_brand where id=6 
2017-10-09 21:57:38 [WARN] get_list_product_brand > select pro.id ,CONCAT(cate_model.name,' ',model.name) as name,brand.name as brand_name ,pro.thumbnail,pro.price,pro.update_date,pro.cate_model_id,pro.code,pro.unit,pro.status from category_product pro inner join category_model cate_model on cate_model.id = pro.cate_model_id inner join product_model model on model.id = pro.pro_model_id inner join product_brand brand on brand.id = model.pro_brand_id  where brand.id=6; 
2017-10-09 22:02:07 [WARN] get_list_cate > select * from category where status=1 order by name;
2017-10-09 22:02:07 [WARN] get_list_top_product > select pro.id as id ,model.name from category_product pro inner join category_model model on model.id = pro.cate_model_id group by cate_model_id order by views desc limit 3 
2017-10-09 22:02:07 [WARN] get_list_pro_update > select pro.id ,CONCAT(cate_model.name,' ',model.name) as name,pro.thumbnail,pro.price,pro.update_date from category_product pro inner join category_model cate_model on cate_model.id = pro.cate_model_id inner join product_model model on model.id = pro.pro_model_id order by pro.update_date desc  
2017-10-09 22:02:07 [WARN] get_list_pro_brand > select * from product_brand where status=1; 
2017-10-09 22:02:13 [WARN] get_list_top_product > select pro.id as id ,model.name from category_product pro inner join category_model model on model.id = pro.cate_model_id group by cate_model_id order by views desc limit 3 
2017-10-09 22:02:13 [WARN] get_list_pro_brand > select * from product_brand where status=1; 
2017-10-09 22:02:13 [WARN] get_list_cate > select * from category where status=1 order by name;
2017-10-09 22:02:13 [WARN] get_product_brand > select id,name from product_brand where id= 
2017-10-09 22:03:27 [WARN] get_list_top_product > select pro.id as id ,model.name from category_product pro inner join category_model model on model.id = pro.cate_model_id group by cate_model_id order by views desc limit 3 
2017-10-09 22:03:27 [WARN] get_list_pro_brand > select * from product_brand where status=1; 
2017-10-09 22:03:27 [WARN] get_list_cate > select * from category where status=1 order by name;
2017-10-09 22:03:46 [WARN] get_list_top_product > select pro.id as id ,model.name from category_product pro inner join category_model model on model.id = pro.cate_model_id group by cate_model_id order by views desc limit 3 
2017-10-09 22:03:46 [WARN] get_list_pro_brand > select * from product_brand where status=1; 
2017-10-09 22:03:46 [WARN] get_search_product > select pro.id ,CONCAT(cate_model.name,' ',model.name) as name,brand.name as brand_name ,pro.thumbnail,pro.price,pro.update_date,pro.cate_model_id,pro.code,pro.unit,pro.status from category_product pro inner join category_model cate_model on cate_model.id = pro.cate_model_id inner join category_brand cate_brand on cate_model.cate_brand_id = cate_brand.id inner join product_model model on model.id = pro.pro_model_id inner join product_brand brand on brand.id = model.pro_brand_id  where  CONCAT(cate_brand.name,' ',cate_model.name,' ',model.name,' ',brand.name) like '%ais%' order by CONCAT(cate_model.name,' ',model.name); 
2017-10-09 22:03:46 [WARN] get_list_cate > select * from category where status=1 order by name;
2017-10-09 22:04:48 [WARN] get_list_pro_brand > select * from product_brand where status=1; 
2017-10-09 22:04:48 [WARN] get_list_top_product > select pro.id as id ,model.name from category_product pro inner join category_model model on model.id = pro.cate_model_id group by cate_model_id order by views desc limit 3 
2017-10-09 22:04:48 [WARN] get_list_cate > select * from category where status=1 order by name;
2017-10-09 22:04:48 [WARN] get_search_product > select pro.id ,CONCAT(cate_model.name,' ',model.name) as name,brand.name as brand_name ,pro.thumbnail,pro.price,pro.update_date,pro.cate_model_id,pro.code,pro.unit,pro.status from category_product pro inner join category_model cate_model on cate_model.id = pro.cate_model_id inner join category_brand cate_brand on cate_model.cate_brand_id = cate_brand.id inner join product_model model on model.id = pro.pro_model_id inner join product_brand brand on brand.id = model.pro_brand_id  where  CONCAT(cate_brand.name,' ',cate_model.name,' ',model.name,' ',brand.name) like '%ais%' order by CONCAT(cate_model.name,' ',model.name); 
2017-10-09 22:17:43 [WARN] get_list_top_product > select pro.id as id ,model.name from category_product pro inner join category_model model on model.id = pro.cate_model_id group by cate_model_id order by views desc limit 3 
2017-10-09 22:17:43 [WARN] get_search_product > select * from ( select pro.id ,CONCAT(cate_model.name,' ',model.name) as name,brand.name as brand_name  ,pro.thumbnail,pro.price,pro.update_date,pro.cate_model_id,pro.code,pro.unit,pro.status ,concat_ws(' ',cate_brand.name COLLATE utf8_general_ci,' ',cate_model.name COLLATE utf8_general_ci,' ',model.name COLLATE utf8_general_ci,' ',brand.name COLLATE utf8_general_ci) as search from category_product pro inner join category_model cate_model on cate_model.id = pro.cate_model_id  inner join category_brand cate_brand on cate_model.cate_brand_id = cate_brand.id  inner join product_model model on model.id = pro.pro_model_id  inner join product_brand brand on brand.id = model.pro_brand_id ) pro where search like '%ais%' order by name; 
2017-10-09 22:17:43 [WARN] get_list_pro_brand > select * from product_brand where status=1; 
2017-10-09 22:17:43 [WARN] get_list_cate > select * from category where status=1 order by name;
2017-10-09 22:17:48 [WARN] get_list_top_product > select pro.id as id ,model.name from category_product pro inner join category_model model on model.id = pro.cate_model_id group by cate_model_id order by views desc limit 3 
2017-10-09 22:17:48 [WARN] get_list_pro_brand > select * from product_brand where status=1; 
2017-10-09 22:17:48 [WARN] get_list_cate > select * from category where status=1 order by name;
2017-10-09 22:17:48 [WARN] get_search_product > select * from ( select pro.id ,CONCAT(cate_model.name,' ',model.name) as name,brand.name as brand_name  ,pro.thumbnail,pro.price,pro.update_date,pro.cate_model_id,pro.code,pro.unit,pro.status ,concat_ws(' ',cate_brand.name COLLATE utf8_general_ci,' ',cate_model.name COLLATE utf8_general_ci,' ',model.name COLLATE utf8_general_ci,' ',brand.name COLLATE utf8_general_ci) as search from category_product pro inner join category_model cate_model on cate_model.id = pro.cate_model_id  inner join category_brand cate_brand on cate_model.cate_brand_id = cate_brand.id  inner join product_model model on model.id = pro.pro_model_id  inner join product_brand brand on brand.id = model.pro_brand_id ) pro where search like '%กระจก%' order by name; 
2017-10-09 22:18:01 [WARN] get_list_top_product > select pro.id as id ,model.name from category_product pro inner join category_model model on model.id = pro.cate_model_id group by cate_model_id order by views desc limit 3 
2017-10-09 22:18:01 [WARN] get_list_pro_brand > select * from product_brand where status=1; 
2017-10-09 22:18:01 [WARN] get_list_cate > select * from category where status=1 order by name;
2017-10-09 22:18:01 [WARN] get_search_product > select * from ( select pro.id ,CONCAT(cate_model.name,' ',model.name) as name,brand.name as brand_name  ,pro.thumbnail,pro.price,pro.update_date,pro.cate_model_id,pro.code,pro.unit,pro.status ,concat_ws(' ',cate_brand.name COLLATE utf8_general_ci,' ',cate_model.name COLLATE utf8_general_ci,' ',model.name COLLATE utf8_general_ci,' ',brand.name COLLATE utf8_general_ci) as search from category_product pro inner join category_model cate_model on cate_model.id = pro.cate_model_id  inner join category_brand cate_brand on cate_model.cate_brand_id = cate_brand.id  inner join product_model model on model.id = pro.pro_model_id  inner join product_brand brand on brand.id = model.pro_brand_id ) pro where search like '%lava%' order by name; 
2017-10-09 22:18:09 [WARN] get_list_top_product > select pro.id as id ,model.name from category_product pro inner join category_model model on model.id = pro.cate_model_id group by cate_model_id order by views desc limit 3 
2017-10-09 22:18:09 [WARN] get_list_pro_brand > select * from product_brand where status=1; 
2017-10-09 22:18:09 [WARN] get_list_cate > select * from category where status=1 order by name;
2017-10-09 22:18:09 [WARN] get_search_product > select * from ( select pro.id ,CONCAT(cate_model.name,' ',model.name) as name,brand.name as brand_name  ,pro.thumbnail,pro.price,pro.update_date,pro.cate_model_id,pro.code,pro.unit,pro.status ,concat_ws(' ',cate_brand.name COLLATE utf8_general_ci,' ',cate_model.name COLLATE utf8_general_ci,' ',model.name COLLATE utf8_general_ci,' ',brand.name COLLATE utf8_general_ci) as search from category_product pro inner join category_model cate_model on cate_model.id = pro.cate_model_id  inner join category_brand cate_brand on cate_model.cate_brand_id = cate_brand.id  inner join product_model model on model.id = pro.pro_model_id  inner join product_brand brand on brand.id = model.pro_brand_id ) pro where search like '%lava 4.0%' order by name; 
2017-10-09 22:18:54 [WARN] get_list_top_product > select pro.id as id ,model.name from category_product pro inner join category_model model on model.id = pro.cate_model_id group by cate_model_id order by views desc limit 3 
2017-10-09 22:18:54 [WARN] get_list_pro_brand > select * from product_brand where status=1; 
2017-10-09 22:18:54 [WARN] get_list_cate > select * from category where status=1 order by name;
2017-10-09 22:18:54 [WARN] get_search_product > select * from ( select pro.id ,CONCAT(cate_model.name,' ',model.name) as name,brand.name as brand_name  ,pro.thumbnail,pro.price,pro.update_date,pro.cate_model_id,pro.code,pro.unit,pro.status ,concat_ws(' ',cate_brand.name COLLATE utf8_general_ci,' ',cate_model.name COLLATE utf8_general_ci,' ',model.name COLLATE utf8_general_ci,' ',brand.name COLLATE utf8_general_ci) as search from category_product pro inner join category_model cate_model on cate_model.id = pro.cate_model_id  inner join category_brand cate_brand on cate_model.cate_brand_id = cate_brand.id  inner join product_model model on model.id = pro.pro_model_id  inner join product_brand brand on brand.id = model.pro_brand_id ) pro where search like '%lava 4.0%' order by name; 
2017-10-09 22:18:59 [WARN] get_list_top_product > select pro.id as id ,model.name from category_product pro inner join category_model model on model.id = pro.cate_model_id group by cate_model_id order by views desc limit 3 
2017-10-09 22:18:59 [WARN] get_list_cate > select * from category where status=1 order by name;
2017-10-09 22:18:59 [WARN] get_list_pro_brand > select * from product_brand where status=1; 
2017-10-09 22:18:59 [WARN] get_search_product > select * from ( select pro.id ,CONCAT(cate_model.name,' ',model.name) as name,brand.name as brand_name  ,pro.thumbnail,pro.price,pro.update_date,pro.cate_model_id,pro.code,pro.unit,pro.status ,concat_ws(' ',cate_brand.name COLLATE utf8_general_ci,' ',cate_model.name COLLATE utf8_general_ci,' ',model.name COLLATE utf8_general_ci,' ',brand.name COLLATE utf8_general_ci) as search from category_product pro inner join category_model cate_model on cate_model.id = pro.cate_model_id  inner join category_brand cate_brand on cate_model.cate_brand_id = cate_brand.id  inner join product_model model on model.id = pro.pro_model_id  inner join product_brand brand on brand.id = model.pro_brand_id ) pro where search like '%กระจก%' order by name; 
2017-10-09 22:19:06 [WARN] get_list_top_product > select pro.id as id ,model.name from category_product pro inner join category_model model on model.id = pro.cate_model_id group by cate_model_id order by views desc limit 3 
2017-10-09 22:19:06 [WARN] get_list_pro_brand > select * from product_brand where status=1; 
2017-10-09 22:19:06 [WARN] get_list_cate > select * from category where status=1 order by name;
2017-10-09 22:19:06 [WARN] get_search_product > select * from ( select pro.id ,CONCAT(cate_model.name,' ',model.name) as name,brand.name as brand_name  ,pro.thumbnail,pro.price,pro.update_date,pro.cate_model_id,pro.code,pro.unit,pro.status ,concat_ws(' ',cate_brand.name COLLATE utf8_general_ci,' ',cate_model.name COLLATE utf8_general_ci,' ',model.name COLLATE utf8_general_ci,' ',brand.name COLLATE utf8_general_ci) as search from category_product pro inner join category_model cate_model on cate_model.id = pro.cate_model_id  inner join category_brand cate_brand on cate_model.cate_brand_id = cate_brand.id  inner join product_model model on model.id = pro.pro_model_id  inner join product_brand brand on brand.id = model.pro_brand_id ) pro where search like '%lava 4.5%' order by name; 
