2017-09-25 21:37:31 [WARN] get_list_brand > select * from product_brands where active=1;
2017-09-25 21:37:32 [WARN] get_list_product_type > select * from type_product where active=1;
2017-09-25 21:37:32 [WARN] get_list_top_product > select * from product_types  order by views desc limit 3 
2017-09-25 21:39:15 [WARN] get_list_top_product > select * from product_types  order by views desc limit 3 
2017-09-25 21:39:15 [WARN] get_list_brand > select * from product_brands where active=1;
2017-09-25 21:39:15 [WARN] get_list_product_type > select * from type_product where active=1;
2017-09-25 21:40:19 [WARN] get_list_brand > select * from product_brands where active=1;
2017-09-25 21:40:19 [WARN] get_list_top_product > select * from product_types  order by views desc limit 3 
2017-09-25 21:40:19 [WARN] get_list_product_type > select * from type_product where active=1;
2017-09-25 21:40:31 [WARN] get_list_top_product > select * from product_types  order by views desc limit 3 
2017-09-25 21:40:31 [WARN] get_list_brand > select * from product_brands where active=1;
2017-09-25 21:40:31 [WARN] get_list_product_type > select * from type_product where active=1;
2017-09-25 22:14:16 [WARN] get_item > select * from product_types where  id='1' 
2017-09-25 22:14:16 [WARN] get_product_gallery > select * from product_images where pro_type_id=1; 
2017-09-25 22:14:16 [WARN] get_list_top_product > select * from product_types  order by views desc limit 3 
2017-09-25 22:14:16 [WARN] get_list_brand > select * from product_brands where active=1;
2017-09-25 22:14:16 [WARN] get_list_product_type > select * from type_product where active=1;
2017-09-25 22:24:47 [WARN] get_item > select * from product_types where  id='1' 
2017-09-25 22:24:47 [WARN] get_product_gallery > select * from product_images where pro_type_id=1; 
2017-09-25 22:24:47 [WARN] get_list_product_type > select * from type_product where active=1;
2017-09-25 22:24:47 [WARN] get_list_brand > select * from product_brands where active=1;
2017-09-25 22:24:47 [WARN] get_list_top_product > select * from product_types  order by views desc limit 3 
2017-09-25 22:25:45 [WARN] get_item > select * from product_types where  id='1' 
2017-09-25 22:25:45 [WARN] get_product_gallery > select * from product_images where pro_type_id=1; 
2017-09-25 22:25:45 [WARN] get_list_product_type > select * from type_product where active=1;
2017-09-25 22:25:45 [WARN] get_list_top_product > select * from product_types  order by views desc limit 3 
2017-09-25 22:25:45 [WARN] get_list_brand > select * from product_brands where active=1;
2017-09-25 22:26:08 [WARN] get_item > select * from product_types where  id='1' 
2017-09-25 22:26:08 [WARN] get_product_gallery > select * from product_images where pro_type_id=1; 
2017-09-25 22:26:08 [WARN] get_list_product_type > select * from type_product where active=1;
2017-09-25 22:26:08 [WARN] get_list_top_product > select * from product_types  order by views desc limit 3 
2017-09-25 22:26:08 [WARN] get_list_brand > select * from product_brands where active=1;
2017-09-25 22:26:19 [WARN] get_item > select * from product_types where  id='1' 
2017-09-25 22:26:19 [WARN] get_product_gallery > select * from product_images where pro_type_id=1; 
2017-09-25 22:26:19 [WARN] get_list_top_product > select * from product_types  order by views desc limit 3 
2017-09-25 22:26:19 [WARN] get_list_product_type > select * from type_product where active=1;
2017-09-25 22:26:19 [WARN] get_list_brand > select * from product_brands where active=1;
2017-09-25 22:26:48 [WARN] get_item > select * from product_types where  id='1' 
2017-09-25 22:26:48 [WARN] get_product_gallery > select * from product_images where pro_type_id=1; 
2017-09-25 22:26:48 [WARN] get_list_top_product > select * from product_types  order by views desc limit 3 
2017-09-25 22:26:48 [WARN] get_list_brand > select * from product_brands where active=1;
2017-09-25 22:26:48 [WARN] get_list_product_type > select * from type_product where active=1;
