2017-09-23 13:53:54 [WARN] get_item > select * from product_types where  id='1' 
2017-09-23 13:58:36 [WARN] get_item > select * from product_types where  id='1' 
2017-09-23 14:01:47 [WARN] get_item > select * from product_types where  id='1' 
2017-09-23 14:05:20 [WARN] get_item > select * from product_types where  id='1' 
2017-09-23 14:06:04 [WARN] get_item > select * from product_types where  id='1' 
2017-09-23 14:08:02 [WARN] get_item > select * from product_types where  id='1' 
2017-09-23 14:08:02 [WARN] get_list_top_product > select * from product_types  order by views desc limit 3 
2017-09-23 14:08:02 [WARN] get_list_brand > select * from product_brands where active=1;
2017-09-23 14:08:02 [WARN] get_list_product_type > select * from type_product where active=1;
2017-09-23 14:32:14 [WARN] get_item > select * from product_types where  id='1' 
2017-09-23 14:32:34 [WARN] get_item > select * from product_types where  id='1' 
2017-09-23 14:32:34 [WARN] get_product_gallery > select * from product_images where pro_type_id=; 
2017-09-23 14:32:34 [WARN] get_list_top_product > select * from product_types  order by views desc limit 3 
2017-09-23 14:32:34 [WARN] get_list_brand > select * from product_brands where active=1;
2017-09-23 14:32:34 [WARN] get_list_product_type > select * from type_product where active=1;
2017-09-23 14:33:28 [WARN] get_item > select * from product_types where  id='1' 
2017-09-23 14:33:28 [WARN] get_product_gallery > select * from product_images where pro_type_id=1; 
2017-09-23 14:33:28 [WARN] get_list_top_product > select * from product_types  order by views desc limit 3 
2017-09-23 14:33:28 [WARN] get_list_brand > select * from product_brands where active=1;
2017-09-23 14:33:28 [WARN] get_list_product_type > select * from type_product where active=1;
2017-09-23 14:34:35 [WARN] get_item > select * from product_types where  id='1' 
2017-09-23 14:34:35 [WARN] get_product_gallery > select * from product_images where pro_type_id=1; 
2017-09-23 14:34:35 [WARN] get_list_top_product > select * from product_types  order by views desc limit 3 
2017-09-23 14:34:35 [WARN] get_list_product_type > select * from type_product where active=1;
2017-09-23 14:34:35 [WARN] get_list_brand > select * from product_brands where active=1;
2017-09-23 14:35:13 [WARN] get_item > select * from product_types where  id='1' 
2017-09-23 14:35:13 [WARN] get_product_gallery > select * from product_images where pro_type_id=1; 
2017-09-23 14:35:13 [WARN] get_list_top_product > select * from product_types  order by views desc limit 3 
2017-09-23 14:35:13 [WARN] get_list_product_type > select * from type_product where active=1;
2017-09-23 14:35:13 [WARN] get_list_brand > select * from product_brands where active=1;
2017-09-23 14:40:24 [WARN] get_item > select * from product_types where  id='1' 
2017-09-23 14:40:24 [WARN] get_product_gallery > select * from product_images where pro_type_id=1; 
2017-09-23 14:40:24 [WARN] get_list_top_product > select * from product_types  order by views desc limit 3 
2017-09-23 14:40:24 [WARN] get_list_product_type > select * from type_product where active=1;
2017-09-23 14:40:24 [WARN] get_list_brand > select * from product_brands where active=1;
2017-09-23 14:40:54 [WARN] get_item > select * from product_types where  id='1' 
2017-09-23 14:40:54 [WARN] get_product_gallery > select * from product_images where pro_type_id=1; 
2017-09-23 14:40:54 [WARN] get_list_top_product > select * from product_types  order by views desc limit 3 
2017-09-23 14:40:54 [WARN] get_list_product_type > select * from type_product where active=1;
2017-09-23 14:40:54 [WARN] get_list_brand > select * from product_brands where active=1;
2017-09-23 14:41:29 [WARN] get_item > select * from product_types where  id='1' 
2017-09-23 14:41:29 [WARN] get_product_gallery > select * from product_images where pro_type_id=1; 
2017-09-23 14:41:29 [WARN] get_list_top_product > select * from product_types  order by views desc limit 3 
2017-09-23 14:41:29 [WARN] get_list_brand > select * from product_brands where active=1;
2017-09-23 14:41:29 [WARN] get_list_product_type > select * from type_product where active=1;
2017-09-23 14:42:09 [WARN] get_item > select * from product_types where  id='1' 
2017-09-23 14:42:09 [WARN] get_product_gallery > select * from product_images where pro_type_id=1; 
2017-09-23 14:42:09 [WARN] get_list_brand > select * from product_brands where active=1;
2017-09-23 14:42:09 [WARN] get_list_top_product > select * from product_types  order by views desc limit 3 
2017-09-23 14:42:09 [WARN] get_list_product_type > select * from type_product where active=1;
2017-09-23 14:43:21 [WARN] get_item > select * from product_types where  id='1' 
2017-09-23 14:43:21 [WARN] get_product_gallery > select * from product_images where pro_type_id=1; 
2017-09-23 14:43:21 [WARN] get_list_top_product > select * from product_types  order by views desc limit 3 
2017-09-23 14:43:21 [WARN] get_list_product_type > select * from type_product where active=1;
2017-09-23 14:43:21 [WARN] get_list_brand > select * from product_brands where active=1;
2017-09-23 14:44:07 [WARN] get_item > select * from product_types where  id='1' 
2017-09-23 14:44:07 [WARN] get_product_gallery > select * from product_images where pro_type_id=1; 
2017-09-23 14:44:07 [WARN] get_list_brand > select * from product_brands where active=1;
2017-09-23 14:44:07 [WARN] get_list_top_product > select * from product_types  order by views desc limit 3 
2017-09-23 14:44:07 [WARN] get_list_product_type > select * from type_product where active=1;
2017-09-23 14:45:42 [WARN] get_item > select * from product_types where  id='1' 
2017-09-23 14:45:42 [WARN] get_product_gallery > select * from product_images where pro_type_id=1; 
2017-09-23 14:45:42 [WARN] get_list_product_type > select * from type_product where active=1;
2017-09-23 14:45:42 [WARN] get_list_top_product > select * from product_types  order by views desc limit 3 
2017-09-23 14:45:42 [WARN] get_list_brand > select * from product_brands where active=1;
2017-09-23 14:50:04 [WARN] get_item > select * from product_types where  id='1' 
2017-09-23 14:50:04 [WARN] get_product_gallery > select * from product_images where pro_type_id=1; 
2017-09-23 14:50:04 [WARN] get_list_brand > select * from product_brands where active=1;
2017-09-23 14:50:04 [WARN] get_list_top_product > select * from product_types  order by views desc limit 3 
2017-09-23 14:50:04 [WARN] get_list_product_type > select * from type_product where active=1;
2017-09-23 14:54:52 [WARN] get_item > select * from product_types where  id='1' 
2017-09-23 14:54:52 [WARN] get_product_gallery > select * from product_images where pro_type_id=1; 
2017-09-23 14:54:52 [WARN] get_list_product_type > select * from type_product where active=1;
2017-09-23 14:54:52 [WARN] get_list_top_product > select * from product_types  order by views desc limit 3 
2017-09-23 14:54:52 [WARN] get_list_brand > select * from product_brands where active=1;
2017-09-23 14:55:05 [WARN] get_item > select * from product_types where  id='1' 
2017-09-23 14:55:05 [WARN] get_product_gallery > select * from product_images where pro_type_id=1; 
2017-09-23 14:55:05 [WARN] get_list_brand > select * from product_brands where active=1;
2017-09-23 14:55:05 [WARN] get_list_product_type > select * from type_product where active=1;
2017-09-23 14:55:05 [WARN] get_list_top_product > select * from product_types  order by views desc limit 3 
2017-09-23 14:55:20 [WARN] get_item > select * from product_types where  id='1' 
2017-09-23 14:55:20 [WARN] get_product_gallery > select * from product_images where pro_type_id=1; 
2017-09-23 14:55:21 [WARN] get_list_product_type > select * from type_product where active=1;
2017-09-23 14:55:21 [WARN] get_list_brand > select * from product_brands where active=1;
2017-09-23 14:55:21 [WARN] get_list_top_product > select * from product_types  order by views desc limit 3 
2017-09-23 14:55:27 [WARN] get_item > select * from product_types where  id='1' 
2017-09-23 14:55:27 [WARN] get_product_gallery > select * from product_images where pro_type_id=1; 
2017-09-23 14:55:27 [WARN] get_list_top_product > select * from product_types  order by views desc limit 3 
2017-09-23 14:55:27 [WARN] get_list_brand > select * from product_brands where active=1;
2017-09-23 14:55:27 [WARN] get_list_product_type > select * from type_product where active=1;
2017-09-23 14:55:37 [WARN] get_item > select * from product_types where  id='1' 
2017-09-23 14:55:37 [WARN] get_product_gallery > select * from product_images where pro_type_id=1; 
2017-09-23 14:55:37 [WARN] get_list_top_product > select * from product_types  order by views desc limit 3 
2017-09-23 14:55:37 [WARN] get_list_product_type > select * from type_product where active=1;
2017-09-23 14:55:37 [WARN] get_list_brand > select * from product_brands where active=1;
2017-09-23 14:55:44 [WARN] get_item > select * from product_types where  id='1' 
2017-09-23 14:55:44 [WARN] get_product_gallery > select * from product_images where pro_type_id=1; 
2017-09-23 14:55:44 [WARN] get_list_top_product > select * from product_types  order by views desc limit 3 
2017-09-23 14:55:44 [WARN] get_list_brand > select * from product_brands where active=1;
2017-09-23 14:55:44 [WARN] get_list_product_type > select * from type_product where active=1;
2017-09-23 14:56:32 [WARN] get_item > select * from product_types where  id='1' 
2017-09-23 14:56:32 [WARN] get_product_gallery > select * from product_images where pro_type_id=1; 
2017-09-23 14:56:32 [WARN] get_list_top_product > select * from product_types  order by views desc limit 3 
2017-09-23 14:56:32 [WARN] get_list_product_type > select * from type_product where active=1;
2017-09-23 14:56:32 [WARN] get_list_brand > select * from product_brands where active=1;
2017-09-23 14:57:36 [WARN] get_item > select * from product_types where  id='1' 
2017-09-23 14:57:36 [WARN] get_product_gallery > select * from product_images where pro_type_id=1; 
2017-09-23 14:57:36 [WARN] get_list_product_type > select * from type_product where active=1;
2017-09-23 14:57:36 [WARN] get_list_brand > select * from product_brands where active=1;
2017-09-23 14:57:36 [WARN] get_list_top_product > select * from product_types  order by views desc limit 3 
2017-09-23 14:57:49 [WARN] get_item > select * from product_types where  id='1' 
2017-09-23 14:57:49 [WARN] get_product_gallery > select * from product_images where pro_type_id=1; 
2017-09-23 14:57:49 [WARN] get_list_top_product > select * from product_types  order by views desc limit 3 
2017-09-23 14:57:49 [WARN] get_list_brand > select * from product_brands where active=1;
2017-09-23 14:57:50 [WARN] get_list_product_type > select * from type_product where active=1;
2017-09-23 14:57:57 [WARN] get_item > select * from product_types where  id='1' 
2017-09-23 14:57:57 [WARN] get_product_gallery > select * from product_images where pro_type_id=1; 
2017-09-23 14:57:57 [WARN] get_list_top_product > select * from product_types  order by views desc limit 3 
2017-09-23 14:57:57 [WARN] get_list_brand > select * from product_brands where active=1;
2017-09-23 14:57:57 [WARN] get_list_product_type > select * from type_product where active=1;
2017-09-23 14:58:18 [WARN] get_item > select * from product_types where  id='1' 
2017-09-23 14:58:18 [WARN] get_product_gallery > select * from product_images where pro_type_id=1; 
2017-09-23 14:58:18 [WARN] get_list_top_product > select * from product_types  order by views desc limit 3 
2017-09-23 14:58:18 [WARN] get_list_product_type > select * from type_product where active=1;
2017-09-23 14:58:18 [WARN] get_list_brand > select * from product_brands where active=1;
2017-09-23 14:58:22 [WARN] get_item > select * from product_types where  id='1' 
2017-09-23 14:58:22 [WARN] get_product_gallery > select * from product_images where pro_type_id=1; 
2017-09-23 14:58:22 [WARN] get_list_top_product > select * from product_types  order by views desc limit 3 
2017-09-23 14:58:22 [WARN] get_list_brand > select * from product_brands where active=1;
2017-09-23 14:58:22 [WARN] get_list_product_type > select * from type_product where active=1;
2017-09-23 14:58:49 [WARN] get_item > select * from product_types where  id='1' 
2017-09-23 14:58:49 [WARN] get_product_gallery > select * from product_images where pro_type_id=1; 
2017-09-23 14:58:49 [WARN] get_list_top_product > select * from product_types  order by views desc limit 3 
2017-09-23 14:58:49 [WARN] get_list_brand > select * from product_brands where active=1;
2017-09-23 14:58:49 [WARN] get_list_product_type > select * from type_product where active=1;
2017-09-23 14:59:21 [WARN] get_item > select * from product_types where  id='1' 
2017-09-23 14:59:21 [WARN] get_product_gallery > select * from product_images where pro_type_id=1; 
2017-09-23 14:59:21 [WARN] get_list_brand > select * from product_brands where active=1;
2017-09-23 14:59:21 [WARN] get_list_top_product > select * from product_types  order by views desc limit 3 
2017-09-23 14:59:21 [WARN] get_list_product_type > select * from type_product where active=1;
2017-09-23 14:59:36 [WARN] get_item > select * from product_types where  id='1' 
2017-09-23 14:59:36 [WARN] get_product_gallery > select * from product_images where pro_type_id=1; 
2017-09-23 14:59:36 [WARN] get_list_top_product > select * from product_types  order by views desc limit 3 
2017-09-23 14:59:36 [WARN] get_list_brand > select * from product_brands where active=1;
2017-09-23 14:59:36 [WARN] get_list_product_type > select * from type_product where active=1;
2017-09-23 15:01:14 [WARN] get_item > select * from product_types where  id='1' 
2017-09-23 15:01:15 [WARN] get_product_gallery > select * from product_images where pro_type_id=1; 
2017-09-23 15:01:15 [WARN] get_list_product_type > select * from type_product where active=1;
2017-09-23 15:01:15 [WARN] get_list_top_product > select * from product_types  order by views desc limit 3 
2017-09-23 15:01:15 [WARN] get_list_brand > select * from product_brands where active=1;
2017-09-23 15:03:32 [WARN] get_item > select * from product_types where  id='1' 
2017-09-23 15:03:32 [WARN] get_product_gallery > select * from product_images where pro_type_id=1; 
2017-09-23 15:03:32 [WARN] get_list_product_type > select * from type_product where active=1;
2017-09-23 15:03:32 [WARN] get_list_brand > select * from product_brands where active=1;
2017-09-23 15:03:32 [WARN] get_list_top_product > select * from product_types  order by views desc limit 3 
2017-09-23 15:04:26 [WARN] get_item > select * from product_types where  id='1' 
2017-09-23 15:04:26 [WARN] get_product_gallery > select * from product_images where pro_type_id=1; 
2017-09-23 15:04:26 [WARN] get_list_top_product > select * from product_types  order by views desc limit 3 
2017-09-23 15:04:26 [WARN] get_list_product_type > select * from type_product where active=1;
2017-09-23 15:04:26 [WARN] get_list_brand > select * from product_brands where active=1;
2017-09-23 15:05:20 [WARN] get_item > select * from product_types where  id='1' 
2017-09-23 15:05:20 [WARN] get_product_gallery > select * from product_images where pro_type_id=1; 
2017-09-23 15:05:20 [WARN] get_list_top_product > select * from product_types  order by views desc limit 3 
2017-09-23 15:05:20 [WARN] get_list_brand > select * from product_brands where active=1;
2017-09-23 15:05:20 [WARN] get_list_product_type > select * from type_product where active=1;
2017-09-23 15:06:13 [WARN] get_item > select * from product_types where  id='1' 
2017-09-23 15:06:13 [WARN] get_product_gallery > select * from product_images where pro_type_id=1; 
2017-09-23 15:06:13 [WARN] get_list_brand > select * from product_brands where active=1;
2017-09-23 15:06:13 [WARN] get_list_top_product > select * from product_types  order by views desc limit 3 
2017-09-23 15:06:13 [WARN] get_list_product_type > select * from type_product where active=1;
2017-09-23 15:06:43 [WARN] get_item > select * from product_types where  id='1' 
2017-09-23 15:06:43 [WARN] get_product_gallery > select * from product_images where pro_type_id=1; 
2017-09-23 15:06:43 [WARN] get_list_top_product > select * from product_types  order by views desc limit 3 
2017-09-23 15:06:43 [WARN] get_list_brand > select * from product_brands where active=1;
2017-09-23 15:06:43 [WARN] get_list_product_type > select * from type_product where active=1;
2017-09-23 15:07:07 [WARN] get_item > select * from product_types where  id='1' 
2017-09-23 15:07:07 [WARN] get_product_gallery > select * from product_images where pro_type_id=1; 
2017-09-23 15:07:07 [WARN] get_list_product_type > select * from type_product where active=1;
2017-09-23 15:07:07 [WARN] get_list_top_product > select * from product_types  order by views desc limit 3 
2017-09-23 15:07:07 [WARN] get_list_brand > select * from product_brands where active=1;
2017-09-23 15:15:14 [WARN] get_item > select * from product_types where  id='1' 
2017-09-23 15:15:14 [WARN] get_product_gallery > select * from product_images where pro_type_id=1; 
2017-09-23 15:15:14 [WARN] get_list_top_product > select * from product_types  order by views desc limit 3 
2017-09-23 15:15:14 [WARN] get_list_brand > select * from product_brands where active=1;
2017-09-23 15:15:14 [WARN] get_list_product_type > select * from type_product where active=1;
2017-09-23 15:15:38 [WARN] get_item > select * from product_types where  id='1' 
2017-09-23 15:15:38 [WARN] get_product_gallery > select * from product_images where pro_type_id=1; 
2017-09-23 15:15:38 [WARN] get_list_top_product > select * from product_types  order by views desc limit 3 
2017-09-23 15:15:38 [WARN] get_list_product_type > select * from type_product where active=1;
2017-09-23 15:15:38 [WARN] get_list_brand > select * from product_brands where active=1;
2017-09-23 15:16:14 [WARN] get_item > select * from product_types where  id='1' 
2017-09-23 15:16:14 [WARN] get_product_gallery > select * from product_images where pro_type_id=1; 
2017-09-23 15:16:14 [WARN] get_list_top_product > select * from product_types  order by views desc limit 3 
2017-09-23 15:16:14 [WARN] get_list_brand > select * from product_brands where active=1;
2017-09-23 15:16:14 [WARN] get_list_product_type > select * from type_product where active=1;
2017-09-23 15:16:37 [WARN] get_item > select * from product_types where  id='1' 
2017-09-23 15:16:37 [WARN] get_product_gallery > select * from product_images where pro_type_id=1; 
2017-09-23 15:16:37 [WARN] get_list_top_product > select * from product_types  order by views desc limit 3 
2017-09-23 15:16:37 [WARN] get_list_product_type > select * from type_product where active=1;
2017-09-23 15:16:37 [WARN] get_list_brand > select * from product_brands where active=1;
2017-09-23 15:30:18 [WARN] get_item > select * from product_types where  id='1' 
2017-09-23 15:30:18 [WARN] get_product_gallery > select * from product_images where pro_type_id=1; 
2017-09-23 15:30:18 [WARN] get_list_top_product > select * from product_types  order by views desc limit 3 
2017-09-23 15:30:18 [WARN] get_list_product_type > select * from type_product where active=1;
2017-09-23 15:30:19 [WARN] get_list_brand > select * from product_brands where active=1;
2017-09-23 15:30:53 [WARN] get_item > select * from product_types where  id='1' 
2017-09-23 15:30:53 [WARN] get_product_gallery > select * from product_images where pro_type_id=1; 
2017-09-23 15:30:53 [WARN] get_list_top_product > select * from product_types  order by views desc limit 3 
2017-09-23 15:30:53 [WARN] get_list_brand > select * from product_brands where active=1;
2017-09-23 15:30:53 [WARN] get_list_product_type > select * from type_product where active=1;
2017-09-23 15:31:01 [WARN] get_list_top_product > select * from product_types  order by views desc limit 3 
2017-09-23 15:31:01 [WARN] get_list_brand > select * from product_brands where active=1;
2017-09-23 15:31:01 [WARN] get_list_product_type > select * from type_product where active=1;
2017-09-23 15:32:23 [WARN] get_list_top_product > select * from product_types  order by views desc limit 3 
2017-09-23 15:32:23 [WARN] get_list_product_type > select * from type_product where active=1;
2017-09-23 15:32:23 [WARN] get_list_brand > select * from product_brands where active=1;
2017-09-23 15:32:29 [WARN] get_item > select * from product_types where  id='1' 
2017-09-23 15:32:29 [WARN] get_product_gallery > select * from product_images where pro_type_id=1; 
2017-09-23 15:32:29 [WARN] get_list_top_product > select * from product_types  order by views desc limit 3 
2017-09-23 15:32:29 [WARN] get_list_brand > select * from product_brands where active=1;
2017-09-23 15:32:29 [WARN] get_list_product_type > select * from type_product where active=1;
2017-09-23 15:33:23 [WARN] get_list_brand > select * from product_brands where active=1;
2017-09-23 15:33:23 [WARN] get_list_top_product > select * from product_types  order by views desc limit 3 
2017-09-23 15:33:23 [WARN] get_list_product_type > select * from type_product where active=1;
2017-09-23 15:33:40 [WARN] get_list_top_product > select * from product_types  order by views desc limit 3 
2017-09-23 15:33:40 [WARN] get_list_brand > select * from product_brands where active=1;
2017-09-23 15:33:40 [WARN] get_list_product_type > select * from type_product where active=1;
2017-09-23 15:33:45 [WARN] get_item > select * from product_types where  id='1' 
2017-09-23 15:33:45 [WARN] get_product_gallery > select * from product_images where pro_type_id=1; 
2017-09-23 15:33:45 [WARN] get_list_product_type > select * from type_product where active=1;
2017-09-23 15:33:45 [WARN] get_list_brand > select * from product_brands where active=1;
2017-09-23 15:33:45 [WARN] get_list_top_product > select * from product_types  order by views desc limit 3 
2017-09-23 15:34:01 [WARN] get_list_top_product > select * from product_types  order by views desc limit 3 
2017-09-23 15:34:01 [WARN] get_list_brand > select * from product_brands where active=1;
2017-09-23 15:34:01 [WARN] get_list_product_type > select * from type_product where active=1;
2017-09-23 15:39:31 [WARN] get_list_top_product > select * from product_types  order by views desc limit 3 
2017-09-23 15:39:31 [WARN] get_list_brand > select * from product_brands where active=1;
2017-09-23 15:39:31 [WARN] get_list_product_type > select * from type_product where active=1;
2017-09-23 15:39:39 [WARN] get_list_brand > select * from product_brands where active=1;
2017-09-23 15:39:39 [WARN] get_list_top_product > select * from product_types  order by views desc limit 3 
2017-09-23 15:39:39 [WARN] get_list_product_type > select * from type_product where active=1;
2017-09-23 15:40:14 [WARN] get_list_top_product > select * from product_types  order by views desc limit 3 
2017-09-23 15:40:14 [WARN] get_list_brand > select * from product_brands where active=1;
2017-09-23 15:40:14 [WARN] get_list_product_type > select * from type_product where active=1;
2017-09-23 15:40:19 [WARN] get_item > select * from product_types where  id='1' 
2017-09-23 15:40:19 [WARN] get_product_gallery > select * from product_images where pro_type_id=1; 
2017-09-23 15:40:19 [WARN] get_list_top_product > select * from product_types  order by views desc limit 3 
2017-09-23 15:40:19 [WARN] get_list_product_type > select * from type_product where active=1;
2017-09-23 15:40:19 [WARN] get_list_brand > select * from product_brands where active=1;
2017-09-23 15:40:25 [WARN] get_list_top_product > select * from product_types  order by views desc limit 3 
2017-09-23 15:40:25 [WARN] get_list_brand > select * from product_brands where active=1;
2017-09-23 15:40:25 [WARN] get_list_product_type > select * from type_product where active=1;
2017-09-23 17:23:20 [WARN] get_list_product_type > select * from type_product where active=1;
2017-09-23 17:23:20 [WARN] get_list_brand > select * from product_brands where active=1;
2017-09-23 17:23:20 [WARN] get_list_top_product > select * from product_types  order by views desc limit 3 
2017-09-23 17:25:51 [WARN] get_list_top_product > select * from product_types  order by views desc limit 3 
2017-09-23 17:25:51 [WARN] get_list_brand > select * from product_brands where active=1;
2017-09-23 17:25:51 [WARN] get_list_product_type > select * from type_product where active=1;
2017-09-23 17:26:44 [WARN] get_list_top_product > select * from product_types  order by views desc limit 3 
2017-09-23 17:26:44 [WARN] get_list_brand > select * from product_brands where active=1;
2017-09-23 17:26:44 [WARN] get_list_product_type > select * from type_product where active=1;
2017-09-23 17:27:42 [WARN] get_list_top_product > select * from product_types  order by views desc limit 3 
2017-09-23 17:27:42 [WARN] get_list_brand > select * from product_brands where active=1;
2017-09-23 17:27:42 [WARN] get_list_product_type > select * from type_product where active=1;
2017-09-23 17:31:33 [WARN] get_list_top_product > select * from product_types  order by views desc limit 3 
2017-09-23 17:31:33 [WARN] get_list_brand > select * from product_brands where active=1;
2017-09-23 17:31:33 [WARN] get_list_product_type > select * from type_product where active=1;
2017-09-23 17:32:51 [WARN] get_list_top_product > select * from product_types  order by views desc limit 3 
2017-09-23 17:32:51 [WARN] get_list_brand > select * from product_brands where active=1;
2017-09-23 17:32:51 [WARN] get_list_product_type > select * from type_product where active=1;
2017-09-23 17:33:06 [WARN] get_list_top_product > select * from product_types  order by views desc limit 3 
2017-09-23 17:33:06 [WARN] get_list_brand > select * from product_brands where active=1;
2017-09-23 17:33:06 [WARN] get_list_product_type > select * from type_product where active=1;
2017-09-23 17:34:55 [WARN] get_list_top_product > select * from product_types  order by views desc limit 3 
2017-09-23 17:34:55 [WARN] get_list_brand > select * from product_brands where active=1;
2017-09-23 17:34:55 [WARN] get_list_product_type > select * from type_product where active=1;
2017-09-23 17:35:01 [WARN] get_item > select * from product_types where  id='1' 
2017-09-23 17:35:01 [WARN] get_product_gallery > select * from product_images where pro_type_id=1; 
2017-09-23 17:35:01 [WARN] get_list_product_type > select * from type_product where active=1;
2017-09-23 17:35:01 [WARN] get_list_top_product > select * from product_types  order by views desc limit 3 
2017-09-23 17:35:01 [WARN] get_list_brand > select * from product_brands where active=1;
2017-09-23 17:36:43 [WARN] get_product_gallery > select * from product_images where pro_type_id=1; 
2017-09-23 17:36:43 [WARN] get_item > select * from product_types where  id='1' 
2017-09-23 17:36:43 [WARN] get_list_top_product > select * from product_types  order by views desc limit 3 
2017-09-23 17:36:43 [WARN] get_list_product_type > select * from type_product where active=1;
2017-09-23 17:36:44 [WARN] get_list_brand > select * from product_brands where active=1;
2017-09-23 17:38:38 [WARN] get_item > select * from product_types where  id='1' 
2017-09-23 17:38:38 [WARN] get_product_gallery > select * from product_images where pro_type_id=1; 
2017-09-23 17:38:38 [WARN] get_list_top_product > select * from product_types  order by views desc limit 3 
2017-09-23 17:38:38 [WARN] get_list_product_type > select * from type_product where active=1;
2017-09-23 17:38:38 [WARN] get_list_brand > select * from product_brands where active=1;
2017-09-23 17:39:18 [WARN] get_item > select * from product_types where  id='1' 
2017-09-23 17:39:18 [WARN] get_product_gallery > select * from product_images where pro_type_id=1; 
2017-09-23 17:39:18 [WARN] get_list_top_product > select * from product_types  order by views desc limit 3 
2017-09-23 17:39:18 [WARN] get_list_product_type > select * from type_product where active=1;
2017-09-23 17:39:18 [WARN] get_list_brand > select * from product_brands where active=1;
2017-09-23 17:39:32 [WARN] get_item > select * from product_types where  id='1' 
2017-09-23 17:39:32 [WARN] get_product_gallery > select * from product_images where pro_type_id=1; 
2017-09-23 17:39:32 [WARN] get_list_top_product > select * from product_types  order by views desc limit 3 
2017-09-23 17:39:32 [WARN] get_list_brand > select * from product_brands where active=1;
2017-09-23 17:39:32 [WARN] get_list_product_type > select * from type_product where active=1;
2017-09-23 17:39:43 [WARN] get_item > select * from product_types where  id='1' 
2017-09-23 17:39:43 [WARN] get_product_gallery > select * from product_images where pro_type_id=1; 
2017-09-23 17:39:43 [WARN] get_list_top_product > select * from product_types  order by views desc limit 3 
2017-09-23 17:39:43 [WARN] get_list_product_type > select * from type_product where active=1;
2017-09-23 17:39:43 [WARN] get_list_brand > select * from product_brands where active=1;
2017-09-23 17:39:46 [WARN] get_list_top_product > select * from product_types  order by views desc limit 3 
2017-09-23 17:39:46 [WARN] get_list_brand > select * from product_brands where active=1;
2017-09-23 17:39:46 [WARN] get_list_product_type > select * from type_product where active=1;
2017-09-23 17:39:51 [WARN] get_list_top_product > select * from product_types  order by views desc limit 3 
2017-09-23 17:39:51 [WARN] get_list_brand > select * from product_brands where active=1;
2017-09-23 17:39:51 [WARN] get_list_product_type > select * from type_product where active=1;
2017-09-23 17:39:55 [WARN] get_item > select * from product_types where  id='3' 
2017-09-23 17:39:55 [WARN] get_product_gallery > select * from product_images where pro_type_id=3; 
2017-09-23 17:39:55 [WARN] get_list_top_product > select * from product_types  order by views desc limit 3 
2017-09-23 17:39:55 [WARN] get_list_brand > select * from product_brands where active=1;
2017-09-23 17:39:55 [WARN] get_list_product_type > select * from type_product where active=1;
2017-09-23 17:40:49 [WARN] get_product_gallery > select * from product_images where pro_type_id=3; 
2017-09-23 17:40:50 [WARN] get_item > select * from product_types where  id='3' 
2017-09-23 17:40:50 [WARN] get_list_top_product > select * from product_types  order by views desc limit 3 
2017-09-23 17:40:50 [WARN] get_list_product_type > select * from type_product where active=1;
2017-09-23 17:40:50 [WARN] get_list_brand > select * from product_brands where active=1;
2017-09-23 17:41:43 [WARN] get_item > select * from product_types where  id='3' 
2017-09-23 17:41:43 [WARN] get_product_gallery > select * from product_images where pro_type_id=3; 
2017-09-23 17:41:43 [WARN] get_list_top_product > select * from product_types  order by views desc limit 3 
2017-09-23 17:41:43 [WARN] get_list_brand > select * from product_brands where active=1;
2017-09-23 17:41:43 [WARN] get_list_product_type > select * from type_product where active=1;
2017-09-23 17:42:09 [WARN] get_item > select * from product_types where  id='3' 
2017-09-23 17:42:09 [WARN] get_product_gallery > select * from product_images where pro_type_id=3; 
2017-09-23 17:42:09 [WARN] get_list_top_product > select * from product_types  order by views desc limit 3 
2017-09-23 17:42:09 [WARN] get_list_product_type > select * from type_product where active=1;
2017-09-23 17:42:09 [WARN] get_list_brand > select * from product_brands where active=1;
2017-09-23 17:42:27 [WARN] get_item > select * from product_types where  id='3' 
2017-09-23 17:42:27 [WARN] get_product_gallery > select * from product_images where pro_type_id=3; 
2017-09-23 17:42:27 [WARN] get_list_brand > select * from product_brands where active=1;
2017-09-23 17:42:27 [WARN] get_list_top_product > select * from product_types  order by views desc limit 3 
2017-09-23 17:42:27 [WARN] get_list_product_type > select * from type_product where active=1;
2017-09-23 17:42:33 [WARN] get_list_top_product > select * from product_types  order by views desc limit 3 
2017-09-23 17:42:33 [WARN] get_list_brand > select * from product_brands where active=1;
2017-09-23 17:42:33 [WARN] get_list_product_type > select * from type_product where active=1;
2017-09-23 17:42:36 [WARN] get_item > select * from product_types where  id='1' 
2017-09-23 17:42:36 [WARN] get_product_gallery > select * from product_images where pro_type_id=1; 
2017-09-23 17:42:36 [WARN] get_list_top_product > select * from product_types  order by views desc limit 3 
2017-09-23 17:42:36 [WARN] get_list_brand > select * from product_brands where active=1;
2017-09-23 17:42:36 [WARN] get_list_product_type > select * from type_product where active=1;
2017-09-23 17:42:46 [WARN] get_list_top_product > select * from product_types  order by views desc limit 3 
2017-09-23 17:42:46 [WARN] get_list_brand > select * from product_brands where active=1;
2017-09-23 17:42:46 [WARN] get_list_product_type > select * from type_product where active=1;
2017-09-23 17:44:35 [WARN] get_list_top_product > select * from product_types  order by views desc limit 3 
2017-09-23 17:44:35 [WARN] get_list_brand > select * from product_brands where active=1;
2017-09-23 17:44:35 [WARN] get_list_product_type > select * from type_product where active=1;
2017-09-23 17:44:38 [WARN] get_item > select * from product_types where  id='1' 
2017-09-23 17:44:38 [WARN] get_product_gallery > select * from product_images where pro_type_id=1; 
2017-09-23 17:44:38 [WARN] get_list_product_type > select * from type_product where active=1;
2017-09-23 17:44:38 [WARN] get_list_top_product > select * from product_types  order by views desc limit 3 
2017-09-23 17:44:38 [WARN] get_list_brand > select * from product_brands where active=1;
2017-09-23 17:44:42 [WARN] get_list_top_product > select * from product_types  order by views desc limit 3 
2017-09-23 17:44:42 [WARN] get_list_brand > select * from product_brands where active=1;
2017-09-23 17:44:42 [WARN] get_list_product_type > select * from type_product where active=1;
2017-09-23 17:46:43 [WARN] get_list_top_product > select * from product_types  order by views desc limit 3 
2017-09-23 17:46:43 [WARN] get_list_product_type > select * from type_product where active=1;
2017-09-23 17:46:43 [WARN] get_list_brand > select * from product_brands where active=1;
2017-09-23 17:46:46 [WARN] get_item > select * from product_types where  id='1' 
2017-09-23 17:46:46 [WARN] get_product_gallery > select * from product_images where pro_type_id=1; 
2017-09-23 17:46:46 [WARN] get_list_top_product > select * from product_types  order by views desc limit 3 
2017-09-23 17:46:46 [WARN] get_list_product_type > select * from type_product where active=1;
2017-09-23 17:46:46 [WARN] get_list_brand > select * from product_brands where active=1;
2017-09-23 17:46:51 [WARN] get_list_top_product > select * from product_types  order by views desc limit 3 
2017-09-23 17:46:51 [WARN] get_list_brand > select * from product_brands where active=1;
2017-09-23 17:46:51 [WARN] get_list_product_type > select * from type_product where active=1;
2017-09-23 17:47:56 [WARN] get_list_brand > select * from product_brands where active=1;
2017-09-23 17:47:56 [WARN] get_list_top_product > select * from product_types  order by views desc limit 3 
2017-09-23 17:47:56 [WARN] get_list_product_type > select * from type_product where active=1;
2017-09-23 17:47:59 [WARN] get_item > select * from product_types where  id='1' 
2017-09-23 17:47:59 [WARN] get_product_gallery > select * from product_images where pro_type_id=1; 
2017-09-23 17:47:59 [WARN] get_list_brand > select * from product_brands where active=1;
2017-09-23 17:47:59 [WARN] get_list_top_product > select * from product_types  order by views desc limit 3 
2017-09-23 17:47:59 [WARN] get_list_product_type > select * from type_product where active=1;
2017-09-23 17:48:03 [WARN] get_list_top_product > select * from product_types  order by views desc limit 3 
2017-09-23 17:48:03 [WARN] get_list_brand > select * from product_brands where active=1;
2017-09-23 17:48:03 [WARN] get_list_product_type > select * from type_product where active=1;
2017-09-23 17:48:07 [WARN] get_list_top_product > select * from product_types  order by views desc limit 3 
2017-09-23 17:48:07 [WARN] get_list_brand > select * from product_brands where active=1;
2017-09-23 17:48:07 [WARN] get_list_product_type > select * from type_product where active=1;
2017-09-23 17:48:10 [WARN] get_item > select * from product_types where  id='1' 
2017-09-23 17:48:10 [WARN] get_product_gallery > select * from product_images where pro_type_id=1; 
2017-09-23 17:48:10 [WARN] get_list_brand > select * from product_brands where active=1;
2017-09-23 17:48:10 [WARN] get_list_top_product > select * from product_types  order by views desc limit 3 
2017-09-23 17:48:10 [WARN] get_list_product_type > select * from type_product where active=1;
2017-09-23 17:48:13 [WARN] get_list_top_product > select * from product_types  order by views desc limit 3 
2017-09-23 17:48:14 [WARN] get_list_brand > select * from product_brands where active=1;
2017-09-23 17:48:14 [WARN] get_list_product_type > select * from type_product where active=1;
2017-09-23 17:50:03 [WARN] get_list_top_product > select * from product_types  order by views desc limit 3 
2017-09-23 17:50:03 [WARN] get_list_product_type > select * from type_product where active=1;
2017-09-23 17:50:03 [WARN] get_list_brand > select * from product_brands where active=1;
2017-09-23 17:50:06 [WARN] get_list_top_product > select * from product_types  order by views desc limit 3 
2017-09-23 17:50:06 [WARN] get_list_brand > select * from product_brands where active=1;
2017-09-23 17:50:06 [WARN] get_list_product_type > select * from type_product where active=1;
2017-09-23 17:50:09 [WARN] get_item > select * from product_types where  id='1' 
2017-09-23 17:50:09 [WARN] get_product_gallery > select * from product_images where pro_type_id=1; 
2017-09-23 17:50:09 [WARN] get_list_brand > select * from product_brands where active=1;
2017-09-23 17:50:09 [WARN] get_list_top_product > select * from product_types  order by views desc limit 3 
2017-09-23 17:50:09 [WARN] get_list_product_type > select * from type_product where active=1;
2017-09-23 17:50:12 [WARN] get_list_top_product > select * from product_types  order by views desc limit 3 
2017-09-23 17:50:12 [WARN] get_list_product_type > select * from type_product where active=1;
2017-09-23 17:50:12 [WARN] get_list_brand > select * from product_brands where active=1;
2017-09-23 17:52:30 [WARN] get_list_top_product > select * from product_types  order by views desc limit 3 
2017-09-23 17:52:30 [WARN] get_list_brand > select * from product_brands where active=1;
2017-09-23 17:52:30 [WARN] get_list_product_type > select * from type_product where active=1;
2017-09-23 17:52:34 [WARN] get_item > select * from product_types where  id='1' 
2017-09-23 17:52:34 [WARN] get_product_gallery > select * from product_images where pro_type_id=1; 
2017-09-23 17:52:34 [WARN] get_list_top_product > select * from product_types  order by views desc limit 3 
2017-09-23 17:52:34 [WARN] get_list_brand > select * from product_brands where active=1;
2017-09-23 17:52:34 [WARN] get_list_product_type > select * from type_product where active=1;
2017-09-23 17:52:37 [WARN] get_list_top_product > select * from product_types  order by views desc limit 3 
2017-09-23 17:52:37 [WARN] get_list_brand > select * from product_brands where active=1;
2017-09-23 17:52:37 [WARN] get_list_product_type > select * from type_product where active=1;
2017-09-23 17:52:39 [WARN] get_list_brand > select * from product_brands where active=1;
2017-09-23 17:52:39 [WARN] get_list_top_product > select * from product_types  order by views desc limit 3 
2017-09-23 17:52:39 [WARN] get_list_product_type > select * from type_product where active=1;
2017-09-23 17:52:43 [WARN] get_item > select * from product_types where  id='1' 
2017-09-23 17:52:43 [WARN] get_product_gallery > select * from product_images where pro_type_id=1; 
2017-09-23 17:52:43 [WARN] get_list_top_product > select * from product_types  order by views desc limit 3 
2017-09-23 17:52:43 [WARN] get_list_brand > select * from product_brands where active=1;
2017-09-23 17:52:43 [WARN] get_list_product_type > select * from type_product where active=1;
2017-09-23 17:52:47 [WARN] get_list_product_type > select * from type_product where active=1;
2017-09-23 17:52:47 [WARN] get_list_brand > select * from product_brands where active=1;
2017-09-23 17:52:47 [WARN] get_list_top_product > select * from product_types  order by views desc limit 3 
2017-09-23 17:55:53 [WARN] get_list_top_product > select * from product_types  order by views desc limit 3 
2017-09-23 17:55:53 [WARN] get_list_product_type > select * from type_product where active=1;
2017-09-23 17:55:53 [WARN] get_list_brand > select * from product_brands where active=1;
2017-09-23 17:55:56 [WARN] get_item > select * from product_types where  id='1' 
2017-09-23 17:55:56 [WARN] get_product_gallery > select * from product_images where pro_type_id=1; 
2017-09-23 17:55:56 [WARN] get_list_top_product > select * from product_types  order by views desc limit 3 
2017-09-23 17:55:57 [WARN] get_list_brand > select * from product_brands where active=1;
2017-09-23 17:55:57 [WARN] get_list_product_type > select * from type_product where active=1;
2017-09-23 17:56:00 [WARN] get_list_top_product > select * from product_types  order by views desc limit 3 
2017-09-23 17:56:00 [WARN] get_list_brand > select * from product_brands where active=1;
2017-09-23 17:56:00 [WARN] get_list_product_type > select * from type_product where active=1;
2017-09-23 17:56:45 [WARN] get_list_brand > select * from product_brands where active=1;
2017-09-23 17:56:45 [WARN] get_list_product_type > select * from type_product where active=1;
2017-09-23 17:56:45 [WARN] get_list_top_product > select * from product_types  order by views desc limit 3 
2017-09-23 17:56:48 [WARN] get_item > select * from product_types where  id='1' 
2017-09-23 17:56:48 [WARN] get_product_gallery > select * from product_images where pro_type_id=1; 
2017-09-23 17:56:48 [WARN] get_list_product_type > select * from type_product where active=1;
2017-09-23 17:56:48 [WARN] get_list_brand > select * from product_brands where active=1;
2017-09-23 17:56:48 [WARN] get_list_top_product > select * from product_types  order by views desc limit 3 
2017-09-23 17:57:01 [WARN] get_list_top_product > select * from product_types  order by views desc limit 3 
2017-09-23 17:57:01 [WARN] get_list_brand > select * from product_brands where active=1;
2017-09-23 17:57:01 [WARN] get_list_product_type > select * from type_product where active=1;
2017-09-23 17:57:19 [WARN] get_list_top_product > select * from product_types  order by views desc limit 3 
2017-09-23 17:57:20 [WARN] get_list_brand > select * from product_brands where active=1;
2017-09-23 17:57:20 [WARN] get_list_product_type > select * from type_product where active=1;
2017-09-23 17:57:23 [WARN] get_item > select * from product_types where  id='1' 
2017-09-23 17:57:23 [WARN] get_product_gallery > select * from product_images where pro_type_id=1; 
2017-09-23 17:57:23 [WARN] get_list_product_type > select * from type_product where active=1;
2017-09-23 17:57:23 [WARN] get_list_top_product > select * from product_types  order by views desc limit 3 
2017-09-23 17:57:23 [WARN] get_list_brand > select * from product_brands where active=1;
2017-09-23 17:57:28 [WARN] get_list_top_product > select * from product_types  order by views desc limit 3 
2017-09-23 17:57:28 [WARN] get_list_brand > select * from product_brands where active=1;
2017-09-23 17:57:28 [WARN] get_list_product_type > select * from type_product where active=1;
2017-09-23 17:58:14 [WARN] get_list_top_product > select * from product_types  order by views desc limit 3 
2017-09-23 17:58:14 [WARN] get_list_brand > select * from product_brands where active=1;
2017-09-23 17:58:14 [WARN] get_list_product_type > select * from type_product where active=1;
2017-09-23 17:58:17 [WARN] get_product_gallery > select * from product_images where pro_type_id=1; 
2017-09-23 17:58:17 [WARN] get_item > select * from product_types where  id='1' 
2017-09-23 17:58:17 [WARN] get_list_top_product > select * from product_types  order by views desc limit 3 
2017-09-23 17:58:17 [WARN] get_list_product_type > select * from type_product where active=1;
2017-09-23 17:58:17 [WARN] get_list_brand > select * from product_brands where active=1;
2017-09-23 17:58:20 [WARN] get_list_top_product > select * from product_types  order by views desc limit 3 
2017-09-23 17:58:20 [WARN] get_list_brand > select * from product_brands where active=1;
2017-09-23 17:58:20 [WARN] get_list_product_type > select * from type_product where active=1;
2017-09-23 17:58:33 [WARN] get_list_top_product > select * from product_types  order by views desc limit 3 
2017-09-23 17:58:33 [WARN] get_list_brand > select * from product_brands where active=1;
2017-09-23 17:58:33 [WARN] get_list_product_type > select * from type_product where active=1;
2017-09-23 17:58:52 [WARN] get_list_top_product > select * from product_types  order by views desc limit 3 
2017-09-23 17:58:52 [WARN] get_list_brand > select * from product_brands where active=1;
2017-09-23 17:58:52 [WARN] get_list_product_type > select * from type_product where active=1;
2017-09-23 17:58:55 [WARN] get_item > select * from product_types where  id='1' 
2017-09-23 17:58:55 [WARN] get_product_gallery > select * from product_images where pro_type_id=1; 
2017-09-23 17:58:55 [WARN] get_list_top_product > select * from product_types  order by views desc limit 3 
2017-09-23 17:58:55 [WARN] get_list_brand > select * from product_brands where active=1;
2017-09-23 17:58:55 [WARN] get_list_product_type > select * from type_product where active=1;
2017-09-23 17:58:58 [WARN] get_list_top_product > select * from product_types  order by views desc limit 3 
2017-09-23 17:58:58 [WARN] get_list_brand > select * from product_brands where active=1;
2017-09-23 17:58:58 [WARN] get_list_product_type > select * from type_product where active=1;
2017-09-23 18:00:36 [WARN] get_list_top_product > select * from product_types  order by views desc limit 3 
2017-09-23 18:00:36 [WARN] get_list_brand > select * from product_brands where active=1;
2017-09-23 18:00:36 [WARN] get_list_product_type > select * from type_product where active=1;
2017-09-23 18:00:39 [WARN] get_item > select * from product_types where  id='1' 
2017-09-23 18:00:39 [WARN] get_product_gallery > select * from product_images where pro_type_id=1; 
2017-09-23 18:00:39 [WARN] get_list_product_type > select * from type_product where active=1;
2017-09-23 18:00:39 [WARN] get_list_top_product > select * from product_types  order by views desc limit 3 
2017-09-23 18:00:39 [WARN] get_list_brand > select * from product_brands where active=1;
2017-09-23 18:00:43 [WARN] get_list_top_product > select * from product_types  order by views desc limit 3 
2017-09-23 18:00:43 [WARN] get_list_brand > select * from product_brands where active=1;
2017-09-23 18:00:43 [WARN] get_list_product_type > select * from type_product where active=1;
2017-09-23 18:01:18 [WARN] get_list_top_product > select * from product_types  order by views desc limit 3 
2017-09-23 18:01:18 [WARN] get_list_product_type > select * from type_product where active=1;
2017-09-23 18:01:18 [WARN] get_list_brand > select * from product_brands where active=1;
2017-09-23 18:01:22 [WARN] get_item > select * from product_types where  id='1' 
2017-09-23 18:01:22 [WARN] get_product_gallery > select * from product_images where pro_type_id=1; 
2017-09-23 18:01:22 [WARN] get_list_top_product > select * from product_types  order by views desc limit 3 
2017-09-23 18:01:22 [WARN] get_list_product_type > select * from type_product where active=1;
2017-09-23 18:01:22 [WARN] get_list_brand > select * from product_brands where active=1;
2017-09-23 18:01:25 [WARN] get_list_top_product > select * from product_types  order by views desc limit 3 
2017-09-23 18:01:25 [WARN] get_list_brand > select * from product_brands where active=1;
2017-09-23 18:01:25 [WARN] get_list_product_type > select * from type_product where active=1;
2017-09-23 19:38:17 [WARN] get_list_top_product > select * from product_types  order by views desc limit 3 
2017-09-23 19:38:17 [WARN] get_list_brand > select * from product_brands where active=1;
2017-09-23 19:38:17 [WARN] get_list_product_type > select * from type_product where active=1;
2017-09-23 20:02:09 [WARN] get_list_product_type > select * from type_product where active=1;
2017-09-23 20:02:09 [WARN] get_list_top_product > select * from product_types  order by views desc limit 3 
2017-09-23 20:02:09 [WARN] get_list_brand > select * from product_brands where active=1;
2017-09-23 20:06:10 [WARN] get_list_top_product > select * from product_types  order by views desc limit 3 
2017-09-23 20:06:10 [WARN] get_list_product_type > select * from type_product where active=1;
2017-09-23 20:06:10 [WARN] get_list_brand > select * from product_brands where active=1;
2017-09-23 20:07:23 [WARN] get_list_top_product > select * from product_types  order by views desc limit 3 
2017-09-23 20:07:23 [WARN] get_list_brand > select * from product_brands where active=1;
2017-09-23 20:07:23 [WARN] get_list_product_type > select * from type_product where active=1;
2017-09-23 20:07:38 [WARN] get_list_top_product > select * from product_types  order by views desc limit 3 
2017-09-23 20:07:38 [WARN] get_list_product_type > select * from type_product where active=1;
2017-09-23 20:07:39 [WARN] get_list_brand > select * from product_brands where active=1;
2017-09-23 20:08:35 [WARN] get_list_top_product > select * from product_types  order by views desc limit 3 
2017-09-23 20:08:35 [WARN] get_list_brand > select * from product_brands where active=1;
2017-09-23 20:08:35 [WARN] get_list_product_type > select * from type_product where active=1;
2017-09-23 20:09:32 [WARN] get_list_top_product > select * from product_types  order by views desc limit 3 
2017-09-23 20:09:32 [WARN] get_list_brand > select * from product_brands where active=1;
2017-09-23 20:09:32 [WARN] get_list_product_type > select * from type_product where active=1;
2017-09-23 20:14:31 [WARN] get_list_brand > select * from product_brands where active=1;
2017-09-23 20:14:31 [WARN] get_list_top_product > select * from product_types  order by views desc limit 3 
2017-09-23 20:14:31 [WARN] get_list_product_type > select * from type_product where active=1;
2017-09-23 20:16:24 [WARN] get_list_top_product > select * from product_types  order by views desc limit 3 
2017-09-23 20:16:24 [WARN] get_list_brand > select * from product_brands where active=1;
2017-09-23 20:16:24 [WARN] get_list_product_type > select * from type_product where active=1;
2017-09-23 20:16:53 [WARN] get_list_top_product > select * from product_types  order by views desc limit 3 
2017-09-23 20:16:54 [WARN] get_list_product_type > select * from type_product where active=1;
2017-09-23 20:16:54 [WARN] get_list_brand > select * from product_brands where active=1;
2017-09-23 20:17:44 [WARN] get_list_brand > select * from product_brands where active=1;
2017-09-23 20:17:44 [WARN] get_list_product_type > select * from type_product where active=1;
2017-09-23 20:17:44 [WARN] get_list_top_product > select * from product_types  order by views desc limit 3 
2017-09-23 20:17:56 [WARN] get_list_top_product > select * from product_types  order by views desc limit 3 
2017-09-23 20:17:56 [WARN] get_list_brand > select * from product_brands where active=1;
2017-09-23 20:17:56 [WARN] get_list_product_type > select * from type_product where active=1;
2017-09-23 20:18:40 [WARN] get_list_top_product > select * from product_types  order by views desc limit 3 
2017-09-23 20:18:40 [WARN] get_list_brand > select * from product_brands where active=1;
2017-09-23 20:18:40 [WARN] get_list_product_type > select * from type_product where active=1;
2017-09-23 20:19:50 [WARN] get_list_top_product > select * from product_types  order by views desc limit 3 
2017-09-23 20:19:50 [WARN] get_list_brand > select * from product_brands where active=1;
2017-09-23 20:19:51 [WARN] get_list_product_type > select * from type_product where active=1;
2017-09-23 20:20:42 [WARN] get_list_top_product > select * from product_types  order by views desc limit 3 
2017-09-23 20:20:42 [WARN] get_list_brand > select * from product_brands where active=1;
2017-09-23 20:20:42 [WARN] get_list_product_type > select * from type_product where active=1;
2017-09-23 20:20:53 [WARN] get_list_top_product > select * from product_types  order by views desc limit 3 
2017-09-23 20:20:53 [WARN] get_list_brand > select * from product_brands where active=1;
2017-09-23 20:20:53 [WARN] get_list_product_type > select * from type_product where active=1;
2017-09-23 20:26:43 [WARN] get_list_top_product > select * from product_types  order by views desc limit 3 
2017-09-23 20:26:43 [WARN] get_list_brand > select * from product_brands where active=1;
2017-09-23 20:26:43 [WARN] get_list_product_type > select * from type_product where active=1;
2017-09-23 20:26:58 [WARN] get_list_top_product > select * from product_types  order by views desc limit 3 
2017-09-23 20:26:58 [WARN] get_list_brand > select * from product_brands where active=1;
2017-09-23 20:26:58 [WARN] get_list_product_type > select * from type_product where active=1;
2017-09-23 20:27:10 [WARN] get_list_brand > select * from product_brands where active=1;
2017-09-23 20:27:10 [WARN] get_list_top_product > select * from product_types  order by views desc limit 3 
2017-09-23 20:27:10 [WARN] get_list_product_type > select * from type_product where active=1;
2017-09-23 20:29:04 [WARN] get_list_top_product > select * from product_types  order by views desc limit 3 
2017-09-23 20:29:04 [WARN] get_list_brand > select * from product_brands where active=1;
2017-09-23 20:29:04 [WARN] get_list_product_type > select * from type_product where active=1;
2017-09-23 20:29:09 [WARN] get_list_brand > select * from product_brands where active=1;
2017-09-23 20:29:09 [WARN] get_list_top_product > select * from product_types  order by views desc limit 3 
2017-09-23 20:29:09 [WARN] get_list_product_type > select * from type_product where active=1;
2017-09-23 20:29:23 [WARN] get_list_top_product > select * from product_types  order by views desc limit 3 
2017-09-23 20:29:23 [WARN] get_list_product_type > select * from type_product where active=1;
2017-09-23 20:29:23 [WARN] get_list_brand > select * from product_brands where active=1;
2017-09-23 20:29:26 [WARN] get_list_top_product > select * from product_types  order by views desc limit 3 
2017-09-23 20:29:26 [WARN] get_list_brand > select * from product_brands where active=1;
2017-09-23 20:29:26 [WARN] get_list_product_type > select * from type_product where active=1;
2017-09-23 20:38:56 [WARN] get_list_top_product > select * from product_types  order by views desc limit 3 
2017-09-23 20:38:56 [WARN] get_list_brand > select * from product_brands where active=1;
2017-09-23 20:38:56 [WARN] get_list_product_type > select * from type_product where active=1;
2017-09-23 20:41:59 [WARN] get_list_top_product > select * from product_types  order by views desc limit 3 
2017-09-23 20:41:59 [WARN] get_list_brand > select * from product_brands where active=1;
2017-09-23 20:41:59 [WARN] get_list_product_type > select * from type_product where active=1;
2017-09-23 20:44:06 [WARN] get_list_top_product > select * from product_types  order by views desc limit 3 
2017-09-23 20:44:06 [WARN] get_list_brand > select * from product_brands where active=1;
2017-09-23 20:44:06 [WARN] get_list_product_type > select * from type_product where active=1;
2017-09-23 20:44:10 [WARN] get_list_top_product > select * from product_types  order by views desc limit 3 
2017-09-23 20:44:10 [WARN] get_list_brand > select * from product_brands where active=1;
2017-09-23 20:44:10 [WARN] get_list_product_type > select * from type_product where active=1;
2017-09-23 20:46:09 [WARN] get_list_brand > select * from product_brands where active=1;
2017-09-23 20:46:09 [WARN] get_list_top_product > select * from product_types  order by views desc limit 3 
2017-09-23 20:46:09 [WARN] get_list_product_type > select * from type_product where active=1;
2017-09-23 20:46:28 [WARN] get_list_top_product > select * from product_types  order by views desc limit 3 
2017-09-23 20:46:28 [WARN] get_list_brand > select * from product_brands where active=1;
2017-09-23 20:46:28 [WARN] get_list_product_type > select * from type_product where active=1;
2017-09-23 20:46:39 [WARN] get_list_top_product > select * from product_types  order by views desc limit 3 
2017-09-23 20:46:39 [WARN] get_list_brand > select * from product_brands where active=1;
2017-09-23 20:46:39 [WARN] get_list_product_type > select * from type_product where active=1;
2017-09-23 20:50:03 [WARN] get_list_top_product > select * from product_types  order by views desc limit 3 
2017-09-23 20:50:03 [WARN] get_list_product_type > select * from type_product where active=1;
2017-09-23 20:50:03 [WARN] get_list_brand > select * from product_brands where active=1;
2017-09-23 20:50:22 [WARN] get_list_brand > select * from product_brands where active=1;
2017-09-23 20:50:22 [WARN] get_list_top_product > select * from product_types  order by views desc limit 3 
2017-09-23 20:50:22 [WARN] get_list_product_type > select * from type_product where active=1;
2017-09-23 21:11:09 [WARN] get_list_top_product > select * from product_types  order by views desc limit 3 
2017-09-23 21:11:09 [WARN] get_list_brand > select * from product_brands where active=1;
2017-09-23 21:11:09 [WARN] get_list_product_type > select * from type_product where active=1;
2017-09-23 21:11:58 [WARN] get_list_top_product > select * from product_types  order by views desc limit 3 
2017-09-23 21:11:58 [WARN] get_list_brand > select * from product_brands where active=1;
2017-09-23 21:11:58 [WARN] get_list_product_type > select * from type_product where active=1;
2017-09-23 21:13:06 [WARN] get_list_top_product > select * from product_types  order by views desc limit 3 
2017-09-23 21:13:06 [WARN] get_list_brand > select * from product_brands where active=1;
2017-09-23 21:13:06 [WARN] get_list_product_type > select * from type_product where active=1;
2017-09-23 21:13:27 [WARN] get_list_top_product > select * from product_types  order by views desc limit 3 
2017-09-23 21:13:27 [WARN] get_list_brand > select * from product_brands where active=1;
2017-09-23 21:13:27 [WARN] get_list_product_type > select * from type_product where active=1;
2017-09-23 21:21:54 [WARN] get_list_brand > select * from product_brands where active=1;
2017-09-23 21:21:54 [WARN] get_list_top_product > select * from product_types  order by views desc limit 3 
2017-09-23 21:21:54 [WARN] get_list_product_type > select * from type_product where active=1;
2017-09-23 21:22:04 [WARN] get_list_brand > select * from product_brands where active=1;
2017-09-23 21:22:04 [WARN] get_list_top_product > select * from product_types  order by views desc limit 3 
2017-09-23 21:22:04 [WARN] get_list_product_type > select * from type_product where active=1;
2017-09-23 21:23:33 [WARN] get_list_top_product > select * from product_types  order by views desc limit 3 
2017-09-23 21:23:33 [WARN] get_list_product_type > select * from type_product where active=1;
2017-09-23 21:23:33 [WARN] get_list_brand > select * from product_brands where active=1;
2017-09-23 21:25:08 [WARN] get_list_top_product > select * from product_types  order by views desc limit 3 
2017-09-23 21:25:08 [WARN] get_list_brand > select * from product_brands where active=1;
2017-09-23 21:25:08 [WARN] get_list_product_type > select * from type_product where active=1;
2017-09-23 21:25:19 [WARN] get_list_top_product > select * from product_types  order by views desc limit 3 
2017-09-23 21:25:19 [WARN] get_list_brand > select * from product_brands where active=1;
2017-09-23 21:25:19 [WARN] get_list_product_type > select * from type_product where active=1;
2017-09-23 21:25:27 [WARN] get_list_top_product > select * from product_types  order by views desc limit 3 
2017-09-23 21:25:27 [WARN] get_list_brand > select * from product_brands where active=1;
2017-09-23 21:25:27 [WARN] get_list_product_type > select * from type_product where active=1;
2017-09-23 21:26:35 [WARN] get_list_top_product > select * from product_types  order by views desc limit 3 
2017-09-23 21:26:35 [WARN] get_list_brand > select * from product_brands where active=1;
2017-09-23 21:26:35 [WARN] get_list_product_type > select * from type_product where active=1;
2017-09-23 21:27:04 [WARN] get_list_product_type > select * from type_product where active=1;
2017-09-23 21:27:04 [WARN] get_list_brand > select * from product_brands where active=1;
2017-09-23 21:27:04 [WARN] get_list_top_product > select * from product_types  order by views desc limit 3 
2017-09-23 21:27:25 [WARN] get_list_top_product > select * from product_types  order by views desc limit 3 
2017-09-23 21:27:25 [WARN] get_list_brand > select * from product_brands where active=1;
2017-09-23 21:27:25 [WARN] get_list_product_type > select * from type_product where active=1;
2017-09-23 21:27:40 [WARN] get_list_top_product > select * from product_types  order by views desc limit 3 
2017-09-23 21:27:40 [WARN] get_list_brand > select * from product_brands where active=1;
2017-09-23 21:27:40 [WARN] get_list_product_type > select * from type_product where active=1;
2017-09-23 21:36:46 [WARN] get_list_top_product > select * from product_types  order by views desc limit 3 
2017-09-23 21:36:46 [WARN] get_list_brand > select * from product_brands where active=1;
2017-09-23 21:36:46 [WARN] get_list_product_type > select * from type_product where active=1;
2017-09-23 21:37:25 [WARN] get_list_product_type > select * from type_product where active=1;
2017-09-23 21:37:25 [WARN] get_list_brand > select * from product_brands where active=1;
2017-09-23 21:37:25 [WARN] get_list_top_product > select * from product_types  order by views desc limit 3 
2017-09-23 21:37:59 [WARN] get_list_product_type > select * from type_product where active=1;
2017-09-23 21:37:59 [WARN] get_list_brand > select * from product_brands where active=1;
2017-09-23 21:37:59 [WARN] get_list_top_product > select * from product_types  order by views desc limit 3 
2017-09-23 21:39:37 [WARN] get_list_top_product > select * from product_types  order by views desc limit 3 
2017-09-23 21:39:37 [WARN] get_list_brand > select * from product_brands where active=1;
2017-09-23 21:39:37 [WARN] get_list_product_type > select * from type_product where active=1;
